
****** PlanAhead v14.7 (64-bit)
  **** Build 321239 by xbuild on Fri Sep 27 19:24:36 MDT 2013
    ** Copyright 1986-1999, 2001-2013 Xilinx, Inc. All Rights Reserved.

INFO: [Common 17-78] Attempting to get a license: PlanAhead
INFO: [Common 17-290] Got license for PlanAhead
INFO: [Device 21-36] Loading parts and site information from /opt/Xilinx/14.7/ISE_DS/PlanAhead/data/parts/arch.xml
Parsing RTL primitives file [/opt/Xilinx/14.7/ISE_DS/PlanAhead/data/parts/xilinx/rtl/prims/rtl_prims.xml]
Finished parsing RTL primitives file [/opt/Xilinx/14.7/ISE_DS/PlanAhead/data/parts/xilinx/rtl/prims/rtl_prims.xml]
start_gui
source /root/FPGA-MISC/virtex/pa.fromHdl.tcl
# create_project -name virtex -dir "/root/FPGA-MISC/virtex/planAhead_run_2" -part xc4vsx55ff1148-12
# set_param project.pinAheadLayout yes
# set srcset [get_property srcset [current_run -impl]]
# set_property target_constrs_file "virtex_55.ucf" [current_fileset -constrset]
Adding file '/root/FPGA-MISC/virtex/virtex_55.ucf' to fileset 'constrs_1'
# set hdlfile [add_files [list {virtex_55.vhd}]]
# set_property file_type VHDL $hdlfile
# set_property library work $hdlfile
# set_property top virtex_55 $srcset
# add_files [list {virtex_55.ucf}] -fileset [get_property constrset [current_run]]
# open_rtl_design -part xc4vsx55ff1148-12
Using Verific elaboration
Parsing VHDL file "/opt/Xilinx/14.7/ISE_DS/PlanAhead/data/parts/xilinx/rtl/lib/synplify/synattr.vhd" into library synplify
Parsing VHDL file "/opt/Xilinx/14.7/ISE_DS/PlanAhead/data/parts/xilinx/rtl/lib/synplify/synattr.vhd" into library synplify
Parsing VHDL file "/root/FPGA-MISC/virtex/virtex_55.vhd" into library work
INFO: [Designutils 20-910] Reading macro library /opt/Xilinx/14.7/ISE_DS/PlanAhead/data/./parts/xilinx/virtex4/hd_int_macros.edn
Parsing EDIF File [/opt/Xilinx/14.7/ISE_DS/PlanAhead/data/./parts/xilinx/virtex4/hd_int_macros.edn]
Finished Parsing EDIF File [/opt/Xilinx/14.7/ISE_DS/PlanAhead/data/./parts/xilinx/virtex4/hd_int_macros.edn]
INFO: [Device 21-21] Reading bus macro file /opt/Xilinx/14.7/ISE_DS/PlanAhead/data/./parts/xilinx/virtex4/pr_bus_macros.xml
Loading clock regions from /opt/Xilinx/14.7/ISE_DS/PlanAhead/data/parts/xilinx/virtex4/virtex4sx/xc4vsx55/ClockRegion.xml
Loading clock buffers from /opt/Xilinx/14.7/ISE_DS/PlanAhead/data/parts/xilinx/virtex4/virtex4sx/xc4vsx55/ClockBuffers.xml
Loading package from /opt/Xilinx/14.7/ISE_DS/PlanAhead/data/parts/xilinx/virtex4/virtex4sx/xc4vsx55/ff1148/Package.xml
Loading io standards from /opt/Xilinx/14.7/ISE_DS/PlanAhead/data/./parts/xilinx/virtex4/IOStandards.xml
INFO: [Device 21-19] Loading pkg sso from /opt/Xilinx/14.7/ISE_DS/PlanAhead/data/parts/xilinx/virtex4/virtex4sx/xc4vsx55/ff1148/SSORules.xml
Loading list of drcs for the architecture : /opt/Xilinx/14.7/ISE_DS/PlanAhead/data/./parts/xilinx/virtex4/drc.xml
INFO: [Timing 38-77] Reading timing library /opt/Xilinx/14.7/ISE_DS/PlanAhead/data/parts/xilinx/virtex4/virtex4sx/virtex4sx-12.lib.
INFO: [Timing 38-34] Done reading timing library /opt/Xilinx/14.7/ISE_DS/PlanAhead/data/parts/xilinx/virtex4/virtex4sx/virtex4sx-12.lib.
Parsing UCF File [/root/FPGA-MISC/virtex/virtex_55.ucf]
Finished Parsing UCF File [/root/FPGA-MISC/virtex/virtex_55.ucf]
INFO: [Project 1-111] Unisim Transformation Summary:
No Unisim elements were transformed.

Phase 0 | Netlist Checksum: fc6f8910
open_rtl_design: Time (s): cpu = 00:00:14 ; elapsed = 00:00:11 . Memory (MB): peak = 2839.953 ; gain = 167.844
update_compile_order -fileset sim_1
set_property package_pin "" [get_ports [list  clk]]
set_property iostandard HSLVDCI_15 [get_ports [list clk]]
set_property iostandard LVCMOS15 [get_ports [list clk]]
set_property iostandard LVCMOS15 [get_ports [list test]]
set_property package_pin "" [get_ports [list  clk]]
set_property package_pin "" [get_ports [list  clk]]
exit
ERROR: [Common 17-39] 'stop_gui' failed due to earlier errors.
INFO: [Common 17-206] Exiting PlanAhead at Mon Dec  9 11:25:34 2013...
INFO: [Common 17-83] Releasing license: PlanAhead
