ISim log file
Running: C:\Users\main-local\Documents\GitHub\FPGA-MISC\serial\serial_tx_fifo_tb_isim_beh.exe -intstyle ise -gui -tclbatch isim.cmd -wdb C:/Users/main-local/Documents/GitHub/FPGA-MISC/serial/serial_tx_fifo_tb_isim_beh.wdb 
INFO: There is another simulation running in the same directory. Using database file name isim1.wdb.
ISim P.68d (signature 0x7708f090)
WARNING: A WEBPACK license was found.
WARNING: Please use Xilinx License Configuration Manager to check out a full ISim license.
WARNING: ISim will run in Lite mode. Please refer to the ISim documentation for more information on the differences between the Lite and the Full version.
This is a Lite version of ISim.
Time resolution is 1 ps
# onerror resume
# wave add /
# run 1000 ns
Simulator is doing circuit initialization process.
at 0 ps: Note: WARNING: Behavioral models for independent clock FIFO configurations do not model synchronization delays. The behavioral models are functionally correct, and will represent the behavior of the configured FIFO. See the FIFO Generator User Guide for more information. (/serial_tx_fifo_tb/uut/fifo_inst/U0/gconvfifo/inst_conv_fifo/).
Finished circuit initialization process.
# run 100.00us
INFO: There is another simulation running in the same directory. Using database file name isim1.wdb.
ISim P.68d (signature 0x7708f090)
WARNING: A WEBPACK license was found.
WARNING: Please use Xilinx License Configuration Manager to check out a full ISim license.
WARNING: ISim will run in Lite mode. Please refer to the ISim documentation for more information on the differences between the Lite and the Full version.
This is a Lite version of ISim.
# run 1000 ns
Simulator is doing circuit initialization process.
at 0 ps: Note: WARNING: Behavioral models for independent clock FIFO configurations do not model synchronization delays. The behavioral models are functionally correct, and will represent the behavior of the configured FIFO. See the FIFO Generator User Guide for more information. (/serial_tx_fifo_tb/uut/fifo_inst/U0/gconvfifo/inst_conv_fifo/).
Finished circuit initialization process.
# run 300.00us
INFO: There is another simulation running in the same directory. Using database file name isim1.wdb.
ISim P.68d (signature 0x7708f090)
WARNING: A WEBPACK license was found.
WARNING: Please use Xilinx License Configuration Manager to check out a full ISim license.
WARNING: ISim will run in Lite mode. Please refer to the ISim documentation for more information on the differences between the Lite and the Full version.
This is a Lite version of ISim.
# run 1000 ns
Simulator is doing circuit initialization process.
at 0 ps: Note: WARNING: Behavioral models for independent clock FIFO configurations do not model synchronization delays. The behavioral models are functionally correct, and will represent the behavior of the configured FIFO. See the FIFO Generator User Guide for more information. (/serial_tx_fifo_tb/uut/fifo_inst/U0/gconvfifo/inst_conv_fifo/).
Finished circuit initialization process.
# run 300.00us
INFO: There is another simulation running in the same directory. Using database file name isim1.wdb.
ISim P.68d (signature 0x7708f090)
WARNING: A WEBPACK license was found.
WARNING: Please use Xilinx License Configuration Manager to check out a full ISim license.
WARNING: ISim will run in Lite mode. Please refer to the ISim documentation for more information on the differences between the Lite and the Full version.
This is a Lite version of ISim.
# run 1000 ns
Simulator is doing circuit initialization process.
at 0 ps: Note: WARNING: Behavioral models for independent clock FIFO configurations do not model synchronization delays. The behavioral models are functionally correct, and will represent the behavior of the configured FIFO. See the FIFO Generator User Guide for more information. (/serial_tx_fifo_tb/uut/fifo_inst/U0/gconvfifo/inst_conv_fifo/).
Finished circuit initialization process.
# run 600.00us
