INFO:sim:172 - Generating IP...
Applying current project options...
Finished applying current project options.
WARNING:sim - VHDL simulation file type 'Behavioral' is not valid for this core.
   Overriding with simulation file type 'Structural'.
WARNING:sim - A core named 'fft_burst_mode' already exists in the project.
   Output products for this core may be overwritten.
Resolving generics for 'fft_burst_mode'...
WARNING:sim - VHDL simulation file type 'Behavioral' is not valid for this core.
   Overriding with simulation file type 'Structural'.
WARNING:sim - A core named 'fft_burst_mode' already exists in the project.
   Output products for this core may be overwritten.
Applying external generics to 'fft_burst_mode'...
Delivering associated files for 'fft_burst_mode'...
Generating implementation netlist for 'fft_burst_mode'...
INFO:sim - Pre-processing HDL files for 'fft_burst_mode'...
Running synthesis for 'fft_burst_mode'
Running ngcbuild...
Writing VHO instantiation template for 'fft_burst_mode'...
WARNING:sim - VHDL simulation file type 'Behavioral' is not valid for this core.
   Overriding with simulation file type 'Structural'.
Writing VHDL structural simulation model for 'fft_burst_mode'...
WARNING:sim - VHDL simulation file type 'Behavioral' is not valid for this core.
   Overriding with simulation file type 'Structural'.
Delivered 3 files into directory /root/FPGA-MISC/FFT with
VGA/ipcore_dir/tmp/_cg/fft_burst_mode
Generating ASY schematic symbol...
INFO:sim:949 - Finished generation of ASY schematic symbol.
Generating SYM schematic symbol for 'fft_burst_mode'...
Generating metadata file...
Generating ISE project...
XCO file found: fft_burst_mode.xco
XMDF file found: fft_burst_mode_xmdf.tcl
Adding /root/FPGA-MISC/FFT with VGA/ipcore_dir/tmp/_cg/fft_burst_mode.asy -view
all -origin_type imported
Adding /root/FPGA-MISC/FFT with VGA/ipcore_dir/tmp/_cg/fft_burst_mode.ngc -view
all -origin_type created
Checking file "/root/FPGA-MISC/FFT with
VGA/ipcore_dir/tmp/_cg/fft_burst_mode.ngc" for project device match ...
File "/root/FPGA-MISC/FFT with VGA/ipcore_dir/tmp/_cg/fft_burst_mode.ngc" device
information matches project device.
Adding /root/FPGA-MISC/FFT with VGA/ipcore_dir/tmp/_cg/fft_burst_mode.sym -view
all -origin_type imported
Adding /root/FPGA-MISC/FFT with VGA/ipcore_dir/tmp/_cg/fft_burst_mode.vhd -view
all -origin_type created
INFO:HDLCompiler:1061 - Parsing VHDL file "/root/FPGA-MISC/FFT with
   VGA/ipcore_dir/tmp/_cg/fft_burst_mode.vhd" into library work
INFO:ProjectMgmt - Parsing design hierarchy completed successfully.
Adding /root/FPGA-MISC/FFT with VGA/ipcore_dir/tmp/_cg/fft_burst_mode.vho -view
all -origin_type imported
INFO:TclTasksC:2116 - The automatic calculation of top has been turned-off.
   Please set the new top explicitly by running the "project set top" command.
   To re-calculate the new top automatically, set the "Auto Implementation Top"
   property to true.
Top level has been set to "/fft_burst_mode"
Generating README file...
Generating FLIST file...
INFO:sim:948 - Finished FLIST file generation.
Launching README viewer...
Moving files to output directory...
Finished moving files to output directory
Wrote CGP file for project 'fft_burst_mode'.
