#
# A fatal error has been detected by the Java Runtime Environment:
#
#  EXCEPTION_ACCESS_VIOLATION (0xc0000005) at pc=0x000007f8fc1d1355, pid=8768, tid=9224
#
# JRE version: 7.0_17-b02
# Java VM: Java HotSpot(TM) 64-Bit Server VM (23.7-b01 mixed mode windows-amd64 compressed oops)
# Problematic frame:
# C  [msvcrt.dll+0x1355]  free_dbg+0x5
#
# Failed to write core dump. Minidumps are not enabled by default on client versions of Windows
#
# If you would like to submit a bug report, please visit:
#   http://bugreport.sun.com/bugreport/crash.jsp
# The crash happened outside the Java Virtual Machine in native code.
# See problematic frame for where to report the bug.
#

---------------  T H R E A D  ---------------

Current thread (0x000000002c841800):  JavaThread "Swing-Shell" daemon [_thread_in_native, id=9224, stack(0x0000000035670000,0x0000000035970000)]

siginfo: ExceptionCode=0xc0000005, reading address 0x00000000000000c5

Registers:
RAX=0x00000000000000c5, RBX=0x000007f8fc2e7fe0, RCX=0x000000002e227b4c, RDX=0x000007f8ce0c4cf4
RSP=0x000000003596c3d8, RBP=0x000000003596c4e0, RSI=0x0000000080040111, RDI=0x0000000000000000
R8 =0x0000000000000010, R9 =0x0000000000000000, R10=0x000000002e227b4c, R11=0x000007f8fe0415f8
R12=0x000007f8fc2e7fd0, R13=0x000000003596c9a8, R14=0x000000002e227b4c, R15=0x0000000000000000
RIP=0x000007f8fc1d1355, EFLAGS=0x0000000000010293

Top of Stack: (sp=0x000000003596c3d8)
0x000000003596c3d8:   000007f8fc2828f6 0000000000000002
0x000000003596c3e8:   000000003596c538 0000000000000b00
0x000000003596c3f8:   000000003596c538 000000000000004e
0x000000003596c408:   000000003596c5a0 0000000100000000
0x000000003596c418:   000007f8fc2fbfa8 0000000000000401
0x000000003596c428:   0000000000000000 0000000000000000
0x000000003596c438:   000000003596c4c0 004600460044007b
0x000000003596c448:   0043004400430041 00370036002d0035
0x000000003596c458:   0034002d00460039 002d003600350031
0x000000003596c468:   0037003400390038 004300350043002d
0x000000003596c478:   0043004200360037 0037003600420030
0x000000003596c488:   00000000007d0046 000000002e200000
0x000000003596c498:   000000003596c5a0 0000000000000000
0x000000003596c4a8:   000007f8fc2f0a08 0000000000000027
0x000000003596c4b8:   000007f8fc2a3e94 0000000000000001
0x000000003596c4c8:   0000000000008000 fffffffffffffffe 

Instructions: (pc=0x000007f8fc1d1355)
0x000007f8fc1d1335:   3a 04 0a 75 1b 48 ff c1 49 ff c8 f6 c1 07 75 ee
0x000007f8fc1d1345:   eb 87 cc 90 90 90 90 90 90 90 90 48 b8 60 81 91
0x000007f8fc1d1355:   0a 00 00 00 00 ff e0 90 90 90 90 90 90 90 90 48
0x000007f8fc1d1365:   b8 60 73 91 0a 00 00 00 00 ff e0 83 ec 20 48 83 


Register to memory mapping:

RAX=0x00000000000000c5 is an unknown value
RBX=0x000007f8fc2e7fe0 is an unknown value
RCX=0x000000002e227b4c is an unknown value
RDX=0x000007f8ce0c4cf4 is an unknown value
RSP=0x000000003596c3d8 is pointing into the stack for thread: 0x000000002c841800
RBP=0x000000003596c4e0 is pointing into the stack for thread: 0x000000002c841800
RSI=0x0000000080040111 is an unknown value
RDI=0x0000000000000000 is an unknown value
R8 =0x0000000000000010 is an unknown value
R9 =0x0000000000000000 is an unknown value
R10=0x000000002e227b4c is an unknown value
R11=0x000007f8fe0415f8 is an unknown value
R12=0x000007f8fc2e7fd0 is an unknown value
R13=0x000000003596c9a8 is pointing into the stack for thread: 0x000000002c841800
R14=0x000000002e227b4c is an unknown value
R15=0x0000000000000000 is an unknown value


Stack: [0x0000000035670000,0x0000000035970000],  sp=0x000000003596c3d8,  free space=3056k
Native frames: (J=compiled Java code, j=interpreted, Vv=VM code, C=native code)
C  [msvcrt.dll+0x1355]  free_dbg+0x5

Java frames: (J=compiled Java code, j=interpreted, Vv=VM code)
j  sun.awt.shell.Win32ShellFolder2.getDisplayNameOf(JJI)Ljava/lang/String;+0
j  sun.awt.shell.Win32ShellFolder2.getFileSystemPath(JJ)Ljava/lang/String;+66
j  sun.awt.shell.Win32ShellFolder2.access$400(JJ)Ljava/lang/String;+2
j  sun.awt.shell.Win32ShellFolder2$10.call()Lsun/awt/shell/Win32ShellFolder2;+50
j  sun.awt.shell.Win32ShellFolder2$10.call()Ljava/lang/Object;+1
j  java.util.concurrent.FutureTask$Sync.innerRun()V+29
j  java.util.concurrent.FutureTask.run()V+4
j  java.util.concurrent.ThreadPoolExecutor.runWorker(Ljava/util/concurrent/ThreadPoolExecutor$Worker;)V+95
j  java.util.concurrent.ThreadPoolExecutor$Worker.run()V+5
j  sun.awt.shell.Win32ShellFolderManager2$ComInvoker$3.run()V+7
j  java.lang.Thread.run()V+11
v  ~StubRoutines::call_stub

---------------  P R O C E S S  ---------------

Java Threads: ( => current thread )
=>0x000000002c841800 JavaThread "Swing-Shell" daemon [_thread_in_native, id=9224, stack(0x0000000035670000,0x0000000035970000)]
  0x000000002f100800 JavaThread "HFileChooser Load File/Folder Choosers Thread" [_thread_blocked, id=10920, stack(0x0000000035270000,0x0000000035570000)]
  0x0000000034c77800 JavaThread "Monitor File Timestamp" [_thread_blocked, id=9440, stack(0x0000000034d70000,0x0000000035070000)]
  0x000000002eb6d800 JavaThread "Image Fetcher 1" daemon [_thread_blocked, id=9120, stack(0x0000000031570000,0x0000000031870000)]
  0x000000002abf1800 JavaThread "D3D Screen Updater" daemon [_thread_blocked, id=9012, stack(0x0000000030970000,0x0000000030c70000)]
  0x000000002d263800 JavaThread "Image Fetcher 0" daemon [_thread_blocked, id=9336, stack(0x000000002a700000,0x000000002aa00000)]
  0x0000000019f45800 JavaThread "AWT-EventQueue-1" [_thread_in_native, id=9876, stack(0x000000002d850000,0x000000002db50000)]
  0x0000000019f49800 JavaThread "Process Messages" [_thread_blocked, id=9128, stack(0x000000002d450000,0x000000002d750000)]
  0x0000000019f4b000 JavaThread "Thread-3" [_thread_blocked, id=3236, stack(0x0000000003d50000,0x0000000005150000)]
  0x000000002cef7800 JavaThread "AWT-EventQueue-0" [_thread_blocked, id=2264, stack(0x000000002cf50000,0x000000002d250000)]
  0x0000000027f10800 JavaThread "AWT-Windows" daemon [_thread_in_native, id=8292, stack(0x000000002a010000,0x000000002a310000)]
  0x0000000027f1d800 JavaThread "AWT-Shutdown" [_thread_blocked, id=9200, stack(0x0000000029d10000,0x000000002a010000)]
  0x0000000027f11800 JavaThread "Java2D Disposer" daemon [_thread_blocked, id=10120, stack(0x0000000029810000,0x0000000029b10000)]
  0x0000000028e70800 JavaThread "TimerQueue" daemon [_thread_blocked, id=1888, stack(0x0000000029410000,0x0000000029710000)]
  0x0000000021490800 JavaThread "Service Thread" daemon [_thread_blocked, id=11024, stack(0x0000000027980000,0x0000000027c80000)]
  0x0000000021480800 JavaThread "C1 CompilerThread3" daemon [_thread_blocked, id=8508, stack(0x0000000027880000,0x0000000027980000)]
  0x0000000020c30800 JavaThread "C2 CompilerThread2" daemon [_thread_blocked, id=8904, stack(0x0000000027780000,0x0000000027880000)]
  0x0000000020c20800 JavaThread "C2 CompilerThread1" daemon [_thread_blocked, id=4972, stack(0x0000000027680000,0x0000000027780000)]
  0x0000000020c10800 JavaThread "C2 CompilerThread0" daemon [_thread_in_native, id=1324, stack(0x0000000027580000,0x0000000027680000)]
  0x00000000263f0800 JavaThread "Attach Listener" daemon [_thread_blocked, id=8400, stack(0x0000000027280000,0x0000000027580000)]
  0x0000000026270800 JavaThread "Signal Dispatcher" daemon [_thread_blocked, id=9452, stack(0x0000000026f80000,0x0000000027280000)]
  0x0000000026272800 JavaThread "Surrogate Locker Thread (Concurrent GC)" daemon [_thread_blocked, id=5808, stack(0x0000000026c80000,0x0000000026f80000)]
  0x0000000021511800 JavaThread "Finalizer" daemon [_thread_blocked, id=1840, stack(0x0000000026880000,0x0000000026b80000)]
  0x0000000021513800 JavaThread "Reference Handler" daemon [_thread_blocked, id=9692, stack(0x0000000026580000,0x0000000026880000)]
  0x0000000019f6b000 JavaThread "main" [_thread_blocked, id=10928, stack(0x000000001a0a0000,0x000000001a1a0000)]

Other Threads:
  0x00000000214d2000 VMThread [stack: 0x0000000026480000,0x0000000026580000] [id=11228]
  0x00000000214a1800 WatcherThread [stack: 0x0000000027c80000,0x0000000027d80000] [id=10332]

VM state:not at safepoint (normal execution)

VM Mutex/Monitor currently owned by a thread: None

Heap
 par new generation   total 55296K, used 18387K [0x0000000778000000, 0x000000077bc00000, 0x000000077bc00000)
  eden space 49152K,  24% used [0x0000000778000000, 0x0000000778bf4e50, 0x000000077b000000)
  from space 6144K, 100% used [0x000000077b000000, 0x000000077b600000, 0x000000077b600000)
  to   space 6144K,   0% used [0x000000077b600000, 0x000000077b600000, 0x000000077bc00000)
 concurrent mark-sweep generation total 69632K, used 10735K [0x000000077bc00000, 0x0000000780000000, 0x00000007f8000000)
 concurrent-mark-sweep perm gen total 131072K, used 26214K [0x00000007f8000000, 0x0000000800000000, 0x0000000800000000)

Card table byte_map: [0x0000000020c40000,0x0000000021090000] byte_map_base: 0x000000001d080000

Polling page: 0x000000001a1a0000

Code Cache  [0x000000001a1c0000, 0x000000001a7a0000, 0x00000000201c0000)
 total_blobs=2159 nmethods=1571 adapters=505 free_code_cache=92410Kb largest_free_block=94540352

Compilation events (10 events):
Event: 2.779 Thread 0x0000000021480800 1822       3       java.lang.Integer::stringSize (21 bytes)
Event: 2.780 Thread 0x0000000021480800 nmethod 1822 0x000000001a30fdd0 code [0x000000001a30ff40, 0x000000001a310170]
Event: 2.780 Thread 0x0000000021480800 1823       3       java.lang.Integer::getChars (131 bytes)
Event: 2.780 Thread 0x0000000021480800 nmethod 1823 0x000000001a305b50 code [0x000000001a305d00, 0x000000001a3061b0]
Event: 2.780 Thread 0x0000000021480800 1824       3       java.lang.reflect.Array::newInstance (6 bytes)
Event: 2.780 Thread 0x0000000021480800 nmethod 1824 0x000000001a30fa10 code [0x000000001a30fb80, 0x000000001a30fd28]
Event: 2.780 Thread 0x0000000020c20800 1825       4       java.util.concurrent.locks.ReentrantLock::unlock (10 bytes)
Event: 2.780 Thread 0x0000000021480800 1826   !   3       javax.swing.JComponent::revalidate (76 bytes)
Event: 2.782 Thread 0x0000000020c20800 nmethod 1825 0x000000001a4d7450 code [0x000000001a4d75a0, 0x000000001a4d76a8]
Event: 2.782 Thread 0x0000000021480800 nmethod 1826 0x000000001a5bd010 code [0x000000001a5bd2e0, 0x000000001a5be3e8]

GC Heap History (4 events):
Event: 1.197 GC heap before
{Heap before GC invocations=0 (full 0):
 par new generation   total 55296K, used 49152K [0x0000000778000000, 0x000000077bc00000, 0x000000077bc00000)
  eden space 49152K, 100% used [0x0000000778000000, 0x000000077b000000, 0x000000077b000000)
  from space 6144K,   0% used [0x000000077b000000, 0x000000077b000000, 0x000000077b600000)
  to   space 6144K,   0% used [0x000000077b600000, 0x000000077b600000, 0x000000077bc00000)
 concurrent mark-sweep generation total 69632K, used 0K [0x000000077bc00000, 0x0000000780000000, 0x00000007f8000000)
 concurrent-mark-sweep perm gen total 131072K, used 13042K [0x00000007f8000000, 0x0000000800000000, 0x0000000800000000)
Event: 1.205 GC heap after
Heap after GC invocations=1 (full 0):
 par new generation   total 55296K, used 6144K [0x0000000778000000, 0x000000077bc00000, 0x000000077bc00000)
  eden space 49152K,   0% used [0x0000000778000000, 0x0000000778000000, 0x000000077b000000)
  from space 6144K, 100% used [0x000000077b600000, 0x000000077bc00000, 0x000000077bc00000)
  to   space 6144K,   0% used [0x000000077b000000, 0x000000077b000000, 0x000000077b600000)
 concurrent mark-sweep generation total 69632K, used 582K [0x000000077bc00000, 0x0000000780000000, 0x00000007f8000000)
 concurrent-mark-sweep perm gen total 131072K, used 13042K [0x00000007f8000000, 0x0000000800000000, 0x0000000800000000)
}
Event: 2.440 GC heap before
{Heap before GC invocations=1 (full 0):
 par new generation   total 55296K, used 55296K [0x0000000778000000, 0x000000077bc00000, 0x000000077bc00000)
  eden space 49152K, 100% used [0x0000000778000000, 0x000000077b000000, 0x000000077b000000)
  from space 6144K, 100% used [0x000000077b600000, 0x000000077bc00000, 0x000000077bc00000)
  to   space 6144K,   0% used [0x000000077b000000, 0x000000077b000000, 0x000000077b600000)
 concurrent mark-sweep generation total 69632K, used 582K [0x000000077bc00000, 0x0000000780000000, 0x00000007f8000000)
 concurrent-mark-sweep perm gen total 131072K, used 22985K [0x00000007f8000000, 0x0000000800000000, 0x0000000800000000)
Event: 2.476 GC heap after
Heap after GC invocations=2 (full 0):
 par new generation   total 55296K, used 6144K [0x0000000778000000, 0x000000077bc00000, 0x000000077bc00000)
  eden space 49152K,   0% used [0x0000000778000000, 0x0000000778000000, 0x000000077b000000)
  from space 6144K, 100% used [0x000000077b000000, 0x000000077b600000, 0x000000077b600000)
  to   space 6144K,   0% used [0x000000077b600000, 0x000000077b600000, 0x000000077bc00000)
 concurrent mark-sweep generation total 69632K, used 10735K [0x000000077bc00000, 0x0000000780000000, 0x00000007f8000000)
 concurrent-mark-sweep perm gen total 131072K, used 22985K [0x00000007f8000000, 0x0000000800000000, 0x0000000800000000)
}

Deoptimization events (10 events):
Event: 2.607 Thread 0x0000000019f45800 Uncommon trap -34 fr.pc 0x000000001a34f394
Event: 2.628 Thread 0x0000000019f45800 Uncommon trap -83 fr.pc 0x000000001a39e768
Event: 2.677 Thread 0x0000000019f45800 Uncommon trap -83 fr.pc 0x000000001a4de904
Event: 2.696 Thread 0x0000000019f45800 Uncommon trap -34 fr.pc 0x000000001a3bd5a4
Event: 2.741 Thread 0x000000002f100800 Uncommon trap -83 fr.pc 0x000000001a72e1bc
Event: 2.749 Thread 0x000000002f100800 Uncommon trap -58 fr.pc 0x000000001a5e8354
Event: 2.752 Thread 0x000000002f100800 Uncommon trap -58 fr.pc 0x000000001a5e8354
Event: 2.752 Thread 0x000000002f100800 Uncommon trap -58 fr.pc 0x000000001a5e8354
Event: 2.753 Thread 0x000000002f100800 Uncommon trap -58 fr.pc 0x000000001a5e8354
Event: 2.780 Thread 0x000000002f100800 Uncommon trap 668 fr.pc 0x000000001a6f5294

Internal exceptions (10 events):
Event: 2.732 Thread 0x0000000019f45800 Threw 0x000000077895e690 at C:\jdk7u2_64p\jdk7u17\hotspot\src\share\vm\prims\jvm.cpp:1166
Event: 2.733 Thread 0x0000000019f45800 Threw 0x000000077896a200 at C:\jdk7u2_64p\jdk7u17\hotspot\src\share\vm\prims\jvm.cpp:1166
Event: 2.733 Thread 0x0000000019f45800 Threw 0x000000077896e8d0 at C:\jdk7u2_64p\jdk7u17\hotspot\src\share\vm\prims\jvm.cpp:1166
Event: 2.734 Thread 0x0000000019f45800 Threw 0x0000000778983dc8 at C:\jdk7u2_64p\jdk7u17\hotspot\src\share\vm\prims\jvm.cpp:1166
Event: 2.736 Thread 0x0000000019f45800 Threw 0x000000077898a3f0 at C:\jdk7u2_64p\jdk7u17\hotspot\src\share\vm\prims\jvm.cpp:1166
Event: 2.736 Thread 0x000000002f100800 Threw 0x00000007789c63a8 at C:\jdk7u2_64p\jdk7u17\hotspot\src\share\vm\prims\jvm.cpp:1166
Event: 2.737 Thread 0x0000000019f45800 Threw 0x0000000778995ef0 at C:\jdk7u2_64p\jdk7u17\hotspot\src\share\vm\prims\jvm.cpp:1166
Event: 2.738 Thread 0x000000002f100800 Threw 0x00000007789ef150 at C:\jdk7u2_64p\jdk7u17\hotspot\src\share\vm\prims\jvm.cpp:1166
Event: 2.748 Thread 0x000000002f100800 Threw 0x00000007789f8820 at C:\jdk7u2_64p\jdk7u17\hotspot\src\share\vm\prims\jvm.cpp:1166
Event: 2.748 Thread 0x000000002f100800 Threw 0x00000007789fafb0 at C:\jdk7u2_64p\jdk7u17\hotspot\src\share\vm\prims\jvm.cpp:1166

Events (10 events):
Event: 2.788 loading class 0x000000002c3c2ba0
Event: 2.788 loading class 0x000000002c3c2ba0 done
Event: 2.789 loading class 0x000000002c3c2cf0
Event: 2.790 loading class 0x000000002c3c2cf0 done
Event: 2.791 loading class 0x000000002c3c2d50
Event: 2.791 loading class 0x000000002c3c2d50 done
Event: 2.792 loading class 0x000000002c3c2b40
Event: 2.792 loading class 0x000000002c3c2b40 done
Event: 2.792 loading class 0x000000002c3c2e10
Event: 2.792 loading class 0x000000002c3c2e10 done


Dynamic libraries:
0x0000000140000000 - 0x000000014000e000 	C:\Xilinx\14.6\ISE_DS\PlanAhead\bin\unwrapped\win64.o\planAhead.exe
0x000007f8fe0e0000 - 0x000007f8fe2a0000 	C:\Windows\SYSTEM32\ntdll.dll
0x000007f8fde30000 - 0x000007f8fdf66000 	C:\Windows\system32\KERNEL32.DLL
0x000007f8fb3e0000 - 0x000007f8fb4d3000 	C:\Windows\system32\KERNELBASE.dll
0x000000000a900000 - 0x000000000a945000 	C:\Xilinx\14.6\ISE_DS\PlanAhead\lib\win64.o\SHSMP64.dll
0x0000000180000000 - 0x0000000180013000 	C:\Xilinx\14.6\ISE_DS\PlanAhead\lib\win64.o\libboost_signals.dll
0x0000000000340000 - 0x0000000000bc1000 	C:\Xilinx\14.6\ISE_DS\PlanAhead\lib\win64.o\librdi_common.dll
0x00000000001f0000 - 0x0000000000206000 	C:\Xilinx\14.6\ISE_DS\PlanAhead\lib\win64.o\librdi_commonmain.dll
0x0000000000bd0000 - 0x0000000000cbe000 	C:\Xilinx\14.6\ISE_DS\PlanAhead\lib\win64.o\stlport.5.2.dll
0x0000000066dd0000 - 0x0000000066e73000 	C:\Windows\WinSxS\amd64_microsoft.vc90.crt_1fc8b3b9a1e18e3b_9.0.30729.6871_none_08e717a5a83adddf\MSVCR90.dll
0x000007f8fbf20000 - 0x000007f8fc06c000 	C:\Windows\system32\USER32.dll
0x000007f8fd580000 - 0x000007f8fd65e000 	C:\Windows\system32\ADVAPI32.dll
0x000007f8f6d90000 - 0x000007f8f6d99000 	C:\Windows\SYSTEM32\VERSION.dll
0x0000000000d30000 - 0x0000000001019000 	C:\Xilinx\14.6\ISE_DS\PlanAhead\lib\win64.o\libCOIN-all.dll
0x0000000001020000 - 0x00000000011d5000 	C:\Xilinx\14.6\ISE_DS\PlanAhead\lib\win64.o\libSecurity.dll
0x0000000000220000 - 0x000000000022f000 	C:\Xilinx\14.6\ISE_DS\PlanAhead\lib\win64.o\libboost_date_time.dll
0x00000000011e0000 - 0x0000000001207000 	C:\Xilinx\14.6\ISE_DS\PlanAhead\lib\win64.o\libboost_filesystem.dll
0x0000000001210000 - 0x0000000001281000 	C:\Xilinx\14.6\ISE_DS\PlanAhead\lib\win64.o\libboost_program_options.dll
0x0000000001290000 - 0x000000000133f000 	C:\Xilinx\14.6\ISE_DS\PlanAhead\lib\win64.o\libboost_regex.dll
0x0000000000230000 - 0x0000000000239000 	C:\Xilinx\14.6\ISE_DS\PlanAhead\lib\win64.o\libboost_system.dll
0x0000000001340000 - 0x0000000001356000 	C:\Xilinx\14.6\ISE_DS\PlanAhead\lib\win64.o\libboost_thread.dll
0x0000000001360000 - 0x00000000013a3000 	C:\Xilinx\14.6\ISE_DS\PlanAhead\lib\win64.o\libcurl.dll
0x00000000013b0000 - 0x0000000001433000 	C:\Xilinx\14.6\ISE_DS\PlanAhead\lib\win64.o\libhdlpsolve.dll
0x0000000001440000 - 0x00000000014f7000 	C:\Xilinx\14.6\ISE_DS\PlanAhead\lib\win64.o\libhdxml.dll
0x0000000001500000 - 0x0000000001a430d3 	C:\Xilinx\14.6\ISE_DS\PlanAhead\lib\win64.o\libisl_iostreams.dll
0x0000000001a50000 - 0x0000000001a79000 	C:\Xilinx\14.6\ISE_DS\PlanAhead\lib\win64.o\libisl_sysinfo.dll
0x0000000065ad0000 - 0x00000000661ef000 	C:\Xilinx\14.6\ISE_DS\PlanAhead\tps\win64\jre\bin\server\jvm.dll
0x0000000001a80000 - 0x0000000001a92000 	C:\Xilinx\14.6\ISE_DS\PlanAhead\lib\win64.o\pthreadVC.dll
0x0000000001aa0000 - 0x0000000001ab6000 	C:\Xilinx\14.6\ISE_DS\PlanAhead\lib\win64.o\librdiconfig.dll
0x0000000001ac0000 - 0x0000000001ade000 	C:\Xilinx\14.6\ISE_DS\PlanAhead\lib\win64.o\librdizlib.dll
0x0000000010000000 - 0x000000001012a000 	C:\Xilinx\14.6\ISE_DS\PlanAhead\lib\win64.o\tcl85t.dll
0x0000000012000000 - 0x0000000012282000 	C:\Xilinx\14.6\ISE_DS\PlanAhead\lib\win64.o\xerces-c_3_1.dll
0x000007f8fdf70000 - 0x000007f8fdf77000 	C:\Windows\system32\PSAPI.DLL
0x000007f8fd940000 - 0x000007f8fdb6d000 	C:\Windows\system32\WININET.dll
0x000007f8f4e10000 - 0x000007f8f4ec1000 	C:\Windows\SYSTEM32\WINHTTP.dll
0x000007f8fb6f0000 - 0x000007f8fb849000 	C:\Windows\system32\urlmon.dll
0x000007f8daed0000 - 0x000007f8daed9000 	C:\Windows\SYSTEM32\WSOCK32.dll
0x0000000066200000 - 0x00000000662d3000 	C:\Windows\WinSxS\amd64_microsoft.vc90.crt_1fc8b3b9a1e18e3b_9.0.30729.6871_none_08e717a5a83adddf\MSVCP90.dll
0x000007f8fc280000 - 0x000007f8fd560000 	C:\Windows\system32\SHELL32.dll
0x000007f8fc070000 - 0x000007f8fc1b1000 	C:\Windows\system32\GDI32.dll
0x000007f8fc1d0000 - 0x000007f8fc275000 	C:\Windows\system32\msvcrt.dll
0x000007f8fd660000 - 0x000007f8fd6a8000 	C:\Windows\SYSTEM32\sechost.dll
0x000007f8fbcc0000 - 0x000007f8fbe00000 	C:\Windows\system32\RPCRT4.dll
0x000007f8fa570000 - 0x000007f8fa585000 	C:\Windows\SYSTEM32\NETAPI32.dll
0x000007f8fdf80000 - 0x000007f8fe021000 	C:\Windows\system32\COMDLG32.dll
0x000007f8fb330000 - 0x000007f8fb3d4000 	C:\Windows\WinSxS\amd64_microsoft.windows.common-controls_6595b64144ccf1df_5.82.9200.16384_none_7762d5fd3178b04e\COMCTL32.dll
0x0000000001b80000 - 0x0000000001b8c000 	C:\Xilinx\14.6\ISE_DS\PlanAhead\lib\win64.o\libboost_chrono.dll
0x000007f8fb690000 - 0x000007f8fb6e8000 	C:\Windows\system32\WS2_32.dll
0x000007f8fe080000 - 0x000007f8fe0de000 	C:\Windows\system32\WLDAP32.dll
0x0000000001bc0000 - 0x0000000001bd9000 	C:\Xilinx\14.6\ISE_DS\PlanAhead\lib\win64.o\libboost_iostreams.dll
0x000007f8f08c0000 - 0x000007f8f08e0000 	C:\Windows\SYSTEM32\WINMM.dll
0x0000000066f80000 - 0x0000000067052000 	C:\Windows\SYSTEM32\MSVCR100.dll
0x000007f8fd6b0000 - 0x000007f8fd93c000 	C:\Windows\system32\iertutil.dll
0x000007f8fb4e0000 - 0x000007f8fb690000 	C:\Windows\SYSTEM32\combase.dll
0x000007f8fbaa0000 - 0x000007f8fbc1e000 	C:\Windows\system32\ole32.dll
0x000007f8fe030000 - 0x000007f8fe080000 	C:\Windows\system32\SHLWAPI.dll
0x000007f8fa560000 - 0x000007f8fa56e000 	C:\Windows\SYSTEM32\netutils.dll
0x000007f8fac40000 - 0x000007f8fac64000 	C:\Windows\SYSTEM32\srvcli.dll
0x000007f8fa480000 - 0x000007f8fa495000 	C:\Windows\SYSTEM32\wkscli.dll
0x000007f8fd560000 - 0x000007f8fd569000 	C:\Windows\system32\NSI.dll
0x000007f8f0800000 - 0x000007f8f0832000 	C:\Windows\SYSTEM32\WINMMBASE.dll
0x000007f8f97d0000 - 0x000007f8f9866000 	C:\Windows\SYSTEM32\SHCORE.DLL
0x000007f8fba60000 - 0x000007f8fba99000 	C:\Windows\system32\IMM32.DLL
0x000007f8fbe00000 - 0x000007f8fbf15000 	C:\Windows\system32\MSCTF.dll
0x0000000005150000 - 0x0000000005443000 	C:\Xilinx\14.6\ISE_DS\PlanAhead\lib\win64.o\librdi_commontasks.dll
0x0000000005d50000 - 0x0000000006390000 	C:\Xilinx\14.6\ISE_DS\PlanAhead\lib\win64.o\librdi_coretasks.dll
0x0000000006390000 - 0x0000000006557000 	C:\Xilinx\14.6\ISE_DS\PlanAhead\lib\win64.o\librdi_chipscope.dll
0x0000000006560000 - 0x0000000007580000 	C:\Xilinx\14.6\ISE_DS\PlanAhead\lib\win64.o\librdi_constraints.dll
0x0000000007580000 - 0x000000000884c000 	C:\Xilinx\14.6\ISE_DS\PlanAhead\lib\win64.o\librdi_coregen.dll
0x000000000a950000 - 0x000000000dfa1000 	C:\Xilinx\14.6\ISE_DS\PlanAhead\lib\win64.o\librdi_designutils.dll
0x0000000008850000 - 0x000000000942a000 	C:\Xilinx\14.6\ISE_DS\PlanAhead\lib\win64.o\librdi_device.dll
0x0000000009430000 - 0x0000000009744000 	C:\Xilinx\14.6\ISE_DS\PlanAhead\lib\win64.o\librdi_drc.dll
0x0000000009750000 - 0x00000000099de000 	C:\Xilinx\14.6\ISE_DS\PlanAhead\lib\win64.o\librdi_filemgmt.dll
0x00000000099e0000 - 0x0000000009db6000 	C:\Xilinx\14.6\ISE_DS\PlanAhead\lib\win64.o\librdi_netlist.dll
0x000000000dfb0000 - 0x000000000f0d3000 	C:\Xilinx\14.6\ISE_DS\PlanAhead\lib\win64.o\librdi_place.dll
0x0000000009dc0000 - 0x000000000a2e2000 	C:\Xilinx\14.6\ISE_DS\PlanAhead\lib\win64.o\librdi_power.dll
0x000000000a2f0000 - 0x000000000a6a3000 	C:\Xilinx\14.6\ISE_DS\PlanAhead\lib\win64.o\librdi_project.dll
0x000000000f0e0000 - 0x000000000f67d000 	C:\Xilinx\14.6\ISE_DS\PlanAhead\lib\win64.o\librdi_rsb.dll
0x000000000f680000 - 0x000000000fa78000 	C:\Xilinx\14.6\ISE_DS\PlanAhead\lib\win64.o\librdi_runs.dll
0x0000000010130000 - 0x0000000010c08000 	C:\Xilinx\14.6\ISE_DS\PlanAhead\lib\win64.o\librdi_timing.dll
0x00000000037b0000 - 0x000000000381e000 	C:\Xilinx\14.6\ISE_DS\PlanAhead\lib\win64.o\liblmx6.0.dll
0x0000000003710000 - 0x0000000003718000 	C:\Xilinx\14.6\ISE_DS\PlanAhead\lib\win64.o\libpsta_dllwrapper.dll
0x0000000010c10000 - 0x00000000113df000 	C:\Xilinx\14.6\ISE_DS\PlanAhead\lib\win64.o\librdi_coregenipxact.dll
0x00000000113e0000 - 0x0000000011b80000 	C:\Xilinx\14.6\ISE_DS\PlanAhead\lib\win64.o\libverific.dll
0x000000000a6b0000 - 0x000000000a72d000 	C:\Xilinx\14.6\ISE_DS\PlanAhead\lib\win64.o\libboost_serialization.dll
0x000000000fa80000 - 0x000000000ffc4000 	C:\Xilinx\14.6\ISE_DS\PlanAhead\lib\win64.o\librdi_xdm.dll
0x000000000a750000 - 0x000000000a7e0000 	C:\Xilinx\14.6\ISE_DS\PlanAhead\lib\win64.o\libise.dll
0x0000000012290000 - 0x000000001286c000 	C:\Xilinx\14.6\ISE_DS\PlanAhead\lib\win64.o\librdi_abc_nomp.dll
0x0000000011b80000 - 0x0000000011ca8000 	C:\Xilinx\14.6\ISE_DS\PlanAhead\lib\win64.o\librdi_dlyest.dll
0x000000000a7e0000 - 0x000000000a7fa000 	C:\Xilinx\14.6\ISE_DS\PlanAhead\lib\win64.o\librdi_hmetis.dll
0x0000000065ab0000 - 0x0000000065ac1000 	C:\Windows\WinSxS\amd64_microsoft.vc90.openmp_1fc8b3b9a1e18e3b_9.0.30729.6161_none_390d35aa0a1f21f9\VCOMP90.DLL
0x0000000012870000 - 0x0000000012e5e000 	C:\Xilinx\14.6\ISE_DS\PlanAhead\lib\win64.o\librdi_route.dll
0x0000000011cb0000 - 0x0000000011eda000 	C:\Xilinx\14.6\ISE_DS\PlanAhead\lib\win64.o\librdi_labtools.dll
0x0000000012e60000 - 0x000000001339b000 	C:\Xilinx\14.6\ISE_DS\PlanAhead\lib\win64.o\librdi_memdata.dll
0x00000000133a0000 - 0x0000000014acf000 	C:\Xilinx\14.6\ISE_DS\PlanAhead\lib\win64.o\librdi_synth.dll
0x0000000014ad0000 - 0x0000000014f0e000 	C:\Xilinx\14.6\ISE_DS\PlanAhead\lib\win64.o\librdi_ip.dll
0x0000000011ee0000 - 0x0000000011f1d000 	C:\Xilinx\14.6\ISE_DS\PlanAhead\lib\win64.o\librdi_simbridge_kernel.dll
0x0000000014f10000 - 0x0000000015386000 	C:\Xilinx\14.6\ISE_DS\PlanAhead\lib\win64.o\librdi_wavedata.dll
0x0000000016590000 - 0x0000000018648000 	C:\Xilinx\14.6\ISE_DS\PlanAhead\lib\win64.o\librdi_tcltasks.dll
0x0000000018650000 - 0x00000000188c4000 	C:\Xilinx\14.6\ISE_DS\PlanAhead\lib\win64.o\librdi_bitstream.dll
0x00000000188d0000 - 0x00000000189a4000 	C:\Xilinx\14.6\ISE_DS\PlanAhead\lib\win64.o\librdi_dsp.dll
0x0000000011f60000 - 0x0000000011fce000 	C:\Xilinx\14.6\ISE_DS\PlanAhead\lib\win64.o\librdi_edk.dll
0x00000000189b0000 - 0x0000000018bbe000 	C:\Xilinx\14.6\ISE_DS\PlanAhead\lib\win64.o\librdi_simdata.dll
0x0000000018ed0000 - 0x0000000019026000 	C:\Xilinx\14.6\ISE_DS\PlanAhead\lib\win64.o\librdi_planaheadtasks.dll
0x0000000019040000 - 0x0000000019e88000 	C:\Xilinx\14.6\ISE_DS\PlanAhead\lib\win64.o\librdi_ipservicestasks.dll
0x0000000065aa0000 - 0x0000000065aaf000 	C:\Xilinx\14.6\ISE_DS\PlanAhead\tps\win64\jre\bin\verify.dll
0x0000000065a70000 - 0x0000000065a98000 	C:\Xilinx\14.6\ISE_DS\PlanAhead\tps\win64\jre\bin\java.dll
0x0000000065a50000 - 0x0000000065a65000 	C:\Xilinx\14.6\ISE_DS\PlanAhead\tps\win64\jre\bin\zip.dll
0x0000000065a30000 - 0x0000000065a49000 	C:\Xilinx\14.6\ISE_DS\PlanAhead\tps\win64\jre\bin\net.dll
0x000007f8fa8d0000 - 0x000007f8fa92c000 	C:\Windows\system32\mswsock.dll
0x0000000065a10000 - 0x0000000065a21000 	C:\Xilinx\14.6\ISE_DS\PlanAhead\tps\win64\jre\bin\nio.dll
0x0000000027f80000 - 0x0000000028266000 	C:\Xilinx\14.6\ISE_DS\PlanAhead\lib\win64.o\librdi_fed.dll
0x0000000028280000 - 0x00000000284e1000 	C:\Xilinx\14.6\ISE_DS\PlanAhead\lib\win64.o\librdi_guitools.dll
0x0000000028500000 - 0x0000000028507000 	C:\Xilinx\14.6\ISE_DS\PlanAhead\lib\win64.o\librdi_commonx11.dll
0x0000000028620000 - 0x0000000028a0e000 	C:\Xilinx\14.6\ISE_DS\PlanAhead\lib\win64.o\librdi_rsbtasks.dll
0x0000000028a20000 - 0x0000000028c69000 	C:\Xilinx\14.6\ISE_DS\PlanAhead\lib\win64.o\librdi_labtoolstasks.dll
0x0000000028c80000 - 0x0000000028e38000 	C:\Xilinx\14.6\ISE_DS\PlanAhead\lib\win64.o\librdi_simtcltasks.dll
0x0000000065870000 - 0x0000000065a03000 	C:\Xilinx\14.6\ISE_DS\PlanAhead\tps\win64\jre\bin\awt.dll
0x000007f8fdd60000 - 0x000007f8fde23000 	C:\Windows\system32\OLEAUT32.dll
0x000007f8f74e0000 - 0x000007f8f757f000 	C:\Windows\system32\apphelp.dll
0x000007f8f9d60000 - 0x000007f8f9e46000 	C:\Windows\system32\uxtheme.dll
0x000007f8f95e0000 - 0x000007f8f9601000 	C:\Windows\SYSTEM32\dwmapi.dll
0x000007f8faec0000 - 0x000007f8faeca000 	C:\Windows\SYSTEM32\CRYPTBASE.dll
0x000007f8fae60000 - 0x000007f8faebc000 	C:\Windows\SYSTEM32\bcryptPrimitives.dll
0x000007f8faa00000 - 0x000007f8faa1a000 	C:\Windows\SYSTEM32\CRYPTSP.dll
0x000007f8fa510000 - 0x000007f8fa55b000 	C:\Windows\system32\rsaenh.dll
0x000007f8fa850000 - 0x000007f8fa86f000 	C:\Windows\SYSTEM32\USERENV.dll
0x000007f8fafa0000 - 0x000007f8fafb5000 	C:\Windows\SYSTEM32\profapi.dll

VM Arguments:
jvm_args: -Dsun.java2d.pmoffscreen=false -Xverify:none -Dswing.aatext=true -XX:-UsePerfData -Djdk.map.althashing.threshold=512 -XX:PermSize=128m -XX:MaxPermSize=128m -XX:NewSize=60m -XX:MaxNewSize=60m -XX:+UseConcMarkSweepGC -XX:+UseParNewGC -XX:+CMSParallelRemarkEnabled -XX:+CMSScavengeBeforeRemark -XX:+UseNUMA -XX:+AggressiveOpts -XX:+UseFastAccessorMethods -XX:+UseFastEmptyMethods -XX:+UseBiasedLocking -XX:+TieredCompilation -Xms128m -Xmx2048m -Xss3m 
java_command: <unknown>
Launcher Type: generic

Environment Variables:
PATH=C:/Xilinx/14.6/ISE_DS/PlanAhead/bin;C:/Xilinx/14.6/ISE_DS/PlanAhead/lib/win64.o;C:/Xilinx/14.6/ISE_DS/PlanAhead/tps/win64/jre/bin/server;C:/Xilinx/14.6/ISE_DS/PlanAhead/tps/win64/jre/bin;C:/Xilinx/14.6/ISE_DS/EDK/bin/nt64;C:/Xilinx/14.6/ISE_DS/EDK/lib/nt64;C:/Xilinx/14.6/ISE_DS/ISE/bin/nt64;C:/Xilinx/14.6/ISE_DS/ISE/lib/nt64;C:/Xilinx/14.6/ISE_DS/common/bin/nt64;C:/Xilinx/14.6/ISE_DS/common/lib/nt64;C:\Xilinx\14.6\ISE_DS\ISE\\lib\nt64;C:\Xilinx\14.6\ISE_DS\ISE\\bin\nt64;C:\Xilinx\14.6\ISE_DS\ISE\bin\nt64;C:\Xilinx\14.6\ISE_DS\ISE\lib\nt64;C:\Xilinx\14.6\ISE_DS\ISE\..\..\..\DocNav;C:\Xilinx\14.6\ISE_DS\PlanAhead\bin;C:\Xilinx\14.6\ISE_DS\EDK\bin\nt64;C:\Xilinx\14.6\ISE_DS\EDK\lib\nt64;C:\Xilinx\14.6\ISE_DS\EDK\gnu\microblaze\nt\bin;C:\Xilinx\14.6\ISE_DS\EDK\gnu\powerpc-eabi\nt\bin;C:\Xilinx\14.6\ISE_DS\EDK\gnuwin\bin;C:\Xilinx\14.6\ISE_DS\EDK\gnu\arm\nt\bin;C:\Xilinx\14.6\ISE_DS\EDK\gnu\microblaze\linux_toolchain\nt64_be\bin;C:\Xilinx\14.6\ISE_DS\EDK\gnu\microblaze\linux_toolchain\nt64_le\bin;C:\Xilinx\14.6\ISE_DS\common\bin\nt64;C:\Xilinx\14.6\ISE_DS\common\lib\nt64;C:\Perl64\site\bin;C:\Perl64\bin;C:\Windows\system32;C:\Windows;C:\Windows\System32\Wbem;C:\Windows\System32\WindowsPowerShell\v1.0\;C:\Program Files (x86)\ATI Technologies\ATI.ACE\Core-Static;C:\Program Files\Microsoft\Web Platform Installer\;C:\Program Files (x86)\Windows Kits\8.1\Windows Performance Toolkit\;C:\Program Files\Microsoft SQL Server\110\Tools\Binn\;C:\Program Files (x86)\Common Files\Intuit\QBPOSSDKRuntime;C:\Program Files\smartmontools\bin
USERNAME=main-local
OS=Windows_NT
PROCESSOR_IDENTIFIER=Intel64 Family 6 Model 26 Stepping 5, GenuineIntel



---------------  S Y S T E M  ---------------

OS: Windows 8 , 64 bit Build 9200 

CPU:total 8 (4 cores per cpu, 2 threads per core) family 6 model 26 stepping 5, cmov, cx8, fxsr, mmx, sse, sse2, sse3, ssse3, sse4.1, sse4.2, popcnt, ht, tsc, tscinvbit, tscinv

Memory: 4k page, physical 25163856k(9488448k free), swap 25163856k(7273984k free)

vm_info: Java HotSpot(TM) 64-Bit Server VM (23.7-b01) for windows-amd64 JRE (1.7.0_17-b02), built on Mar  1 2013 03:38:30 by "java_re" with unknown MS VC++:1600

time: Sun Jun 15 14:26:22 2014
elapsed time: 2 seconds

