ISim log file
Running: /root/FPGA-MISC/FFT with VGA/fft_flow_4_no_fifos_tb_isim_beh.exe -intstyle ise -gui -tclbatch isim.cmd -wdb /root/FPGA-MISC/FFT with VGA/fft_flow_4_no_fifos_tb_isim_beh.wdb 
ISim P.20131013 (signature 0xfbc00daa)
----------------------------------------------------------------------
INFO:Security:66 - Your license for 'ISIM' is for evaluation use only.
WARNING:Security:40 - Your license for 'ISIM' expires in 3 days.


----------------------------------------------------------------------
This is a Full version of ISim.
Time resolution is 1 ps
# onerror resume
# wave add /
# run 1000 ns
Simulator is doing circuit initialization process.
Finished circuit initialization process.
at 0 ps, Instance /fft_flow_4_no_fifos_tb/uut/fft_instance/blk000000d5/ : Warning: There is an 'U'|'X'|'W'|'Z'|'-' in an arithmetic operand, the result will be 'X'(es).
# restart
# run 1.00us
Simulator is doing circuit initialization process.
Finished circuit initialization process.
# run 1.00us
# run 1.00us
# run 1.00us
# run 10.00us
# run 10.00us
# run 10.00us
# run 10.00us
# run 10.00us
# run 10.00us
# run 10.00us
# run 10.00us
# run 10.00us
# run 10.00us
# run 10.00us
# run 10.00us
ISim P.20131013 (signature 0xfbc00daa)
----------------------------------------------------------------------
INFO:Security:66 - Your license for 'ISIM' is for evaluation use only.
WARNING:Security:40 - Your license for 'ISIM' expires in 3 days.


----------------------------------------------------------------------
This is a Full version of ISim.
# run 1000 ns
Simulator is doing circuit initialization process.
Finished circuit initialization process.
at 0 ps, Instance /fft_flow_4_no_fifos_tb/uut/fft_instance/blk000000d5/ : Warning: There is an 'U'|'X'|'W'|'Z'|'-' in an arithmetic operand, the result will be 'X'(es).
# run 120.00us
# run 120.00us
