ISim log file
Running: /root/FPGA-MISC/FFT_VGA/fft_ram_tb_isim_beh.exe -intstyle ise -gui -tclbatch isim.cmd -wdb /root/FPGA-MISC/FFT_VGA/fft_ram_tb_isim_beh.wdb 
ISim P.20131013 (signature 0xfbc00daa)
----------------------------------------------------------------------
INFO:Security:66 - Your license for 'ISIM' is for evaluation use only.
WARNING:Security:40 - Your license for 'ISIM' expires in 7 days.


----------------------------------------------------------------------
This is a Full version of ISim.
Time resolution is 1 ps
# onerror resume
# wave add /
# run 1000 ns
Simulator is doing circuit initialization process.
Finished circuit initialization process.
at 0 ps, Instance /fft_ram_tb/uut/fft_core_inst/blk00000003/ : Warning: There is an 'U'|'X'|'W'|'Z'|'-' in an arithmetic operand, the result will be 'X'(es).
at 6 ns(4), Instance /fft_ram_tb/uut/adc_ram_inst/U0/native_mem_module/mem_module/ : Warning: blk_mem_gen_v7_3 WARNING: collision detected: A write address: 00000000, B read address: 00000000

at 130 ns(7), Instance /fft_ram_tb/uut/adc_ram_inst/U0/native_mem_module/mem_module/ : Warning: blk_mem_gen_v7_3 WARNING: collision detected: A write address: 00000000, B read address: 00000000

at 135 ns(7), Instance /fft_ram_tb/uut/adc_ram_inst/U0/native_mem_module/mem_module/ : Warning: blk_mem_gen_v7_3 WARNING: collision detected: A write address: 00000000, B read address: 00000000

at 140 ns(7), Instance /fft_ram_tb/uut/adc_ram_inst/U0/native_mem_module/mem_module/ : Warning: blk_mem_gen_v7_3 WARNING: collision detected: A write address: 00000000, B read address: 00000000

at 145 ns(7), Instance /fft_ram_tb/uut/adc_ram_inst/U0/native_mem_module/mem_module/ : Warning: blk_mem_gen_v7_3 WARNING: collision detected: A write address: 00000000, B read address: 00000000

at 150 ns(7), Instance /fft_ram_tb/uut/adc_ram_inst/U0/native_mem_module/mem_module/ : Warning: blk_mem_gen_v7_3 WARNING: collision detected: A write address: 00000000, B read address: 00000000

at 155 ns(7), Instance /fft_ram_tb/uut/adc_ram_inst/U0/native_mem_module/mem_module/ : Warning: blk_mem_gen_v7_3 WARNING: collision detected: A write address: 00000000, B read address: 00000000

at 160 ns(7), Instance /fft_ram_tb/uut/adc_ram_inst/U0/native_mem_module/mem_module/ : Warning: blk_mem_gen_v7_3 WARNING: collision detected: A write address: 00000000, B read address: 00000000

at 165 ns(7), Instance /fft_ram_tb/uut/adc_ram_inst/U0/native_mem_module/mem_module/ : Warning: blk_mem_gen_v7_3 WARNING: collision detected: A write address: 00000000, B read address: 00000000

at 170 ns(7), Instance /fft_ram_tb/uut/adc_ram_inst/U0/native_mem_module/mem_module/ : Warning: blk_mem_gen_v7_3 WARNING: collision detected: A write address: 00000000, B read address: 00000000

at 175 ns(7), Instance /fft_ram_tb/uut/adc_ram_inst/U0/native_mem_module/mem_module/ : Warning: blk_mem_gen_v7_3 WARNING: collision detected: A write address: 00000000, B read address: 00000000

at 180 ns(7), Instance /fft_ram_tb/uut/adc_ram_inst/U0/native_mem_module/mem_module/ : Warning: blk_mem_gen_v7_3 WARNING: collision detected: A write address: 00000000, B read address: 00000000

at 185 ns(7), Instance /fft_ram_tb/uut/adc_ram_inst/U0/native_mem_module/mem_module/ : Warning: blk_mem_gen_v7_3 WARNING: collision detected: A write address: 00000000, B read address: 00000000

at 190 ns(7), Instance /fft_ram_tb/uut/adc_ram_inst/U0/native_mem_module/mem_module/ : Warning: blk_mem_gen_v7_3 WARNING: collision detected: A write address: 00000000, B read address: 00000000

at 195 ns(7), Instance /fft_ram_tb/uut/adc_ram_inst/U0/native_mem_module/mem_module/ : Warning: blk_mem_gen_v7_3 WARNING: collision detected: A write address: 00000000, B read address: 00000000

at 200 ns(7), Instance /fft_ram_tb/uut/adc_ram_inst/U0/native_mem_module/mem_module/ : Warning: blk_mem_gen_v7_3 WARNING: collision detected: A write address: 00000000, B read address: 00000000

at 205 ns(7), Instance /fft_ram_tb/uut/adc_ram_inst/U0/native_mem_module/mem_module/ : Warning: blk_mem_gen_v7_3 WARNING: collision detected: A write address: 00000000, B read address: 00000000

at 210 ns(7), Instance /fft_ram_tb/uut/adc_ram_inst/U0/native_mem_module/mem_module/ : Warning: blk_mem_gen_v7_3 WARNING: collision detected: A write address: 00000000, B read address: 00000000

at 215 ns(7), Instance /fft_ram_tb/uut/adc_ram_inst/U0/native_mem_module/mem_module/ : Warning: blk_mem_gen_v7_3 WARNING: collision detected: A write address: 00000000, B read address: 00000000

at 220 ns(7), Instance /fft_ram_tb/uut/adc_ram_inst/U0/native_mem_module/mem_module/ : Warning: blk_mem_gen_v7_3 WARNING: collision detected: A write address: 00000000, B read address: 00000000

at 225 ns(7), Instance /fft_ram_tb/uut/adc_ram_inst/U0/native_mem_module/mem_module/ : Warning: blk_mem_gen_v7_3 WARNING: collision detected: A write address: 00000000, B read address: 00000000

at 230 ns(7), Instance /fft_ram_tb/uut/adc_ram_inst/U0/native_mem_module/mem_module/ : Warning: blk_mem_gen_v7_3 WARNING: collision detected: A write address: 00000000, B read address: 00000000

at 235 ns(7), Instance /fft_ram_tb/uut/adc_ram_inst/U0/native_mem_module/mem_module/ : Warning: blk_mem_gen_v7_3 WARNING: collision detected: A write address: 00000000, B read address: 00000000

at 240 ns(7), Instance /fft_ram_tb/uut/adc_ram_inst/U0/native_mem_module/mem_module/ : Warning: blk_mem_gen_v7_3 WARNING: collision detected: A write address: 00000000, B read address: 00000000

at 245 ns(7), Instance /fft_ram_tb/uut/adc_ram_inst/U0/native_mem_module/mem_module/ : Warning: blk_mem_gen_v7_3 WARNING: collision detected: A write address: 00000000, B read address: 00000000

at 250 ns(7): Note: Block Memory Generator CORE Generator module is using a behavioral model FOR simulation which will not precisely model memory collision behavior. (/fft_ram_tb/uut/adc_ram_inst/U0/native_mem_module/mem_module/).
at 250 ns(7), Instance /fft_ram_tb/uut/adc_ram_inst/U0/native_mem_module/mem_module/ : Warning: blk_mem_gen_v7_3 WARNING: collision detected: A write address: 00000000, B read address: 00000000

# run 300.00us
at 87440 ns(7): Note: Block Memory Generator CORE Generator module is using a behavioral model FOR simulation which will not precisely model memory collision behavior. (/fft_ram_tb/uut/fft_ram_inst/U0/native_mem_module/mem_module/).
at 90 us(7): Note: Block Memory Generator CORE Generator module is using a behavioral model FOR simulation which will not precisely model memory collision behavior. (/fft_ram_tb/uut/vga_ram_inst/U0/native_mem_module/mem_module/).
at 97690 ns(7), Instance /fft_ram_tb/uut/adc_ram_inst/U0/native_mem_module/mem_module/ : Warning: blk_mem_gen_v7_3 WARNING: collision detected: A write address: 00000000, B read address: 00000000

at 97695 ns(7), Instance /fft_ram_tb/uut/adc_ram_inst/U0/native_mem_module/mem_module/ : Warning: blk_mem_gen_v7_3 WARNING: collision detected: A write address: 00000000, B read address: 00000000

at 97700 ns(7), Instance /fft_ram_tb/uut/adc_ram_inst/U0/native_mem_module/mem_module/ : Warning: blk_mem_gen_v7_3 WARNING: collision detected: A write address: 00000000, B read address: 00000000

at 97705 ns(7), Instance /fft_ram_tb/uut/adc_ram_inst/U0/native_mem_module/mem_module/ : Warning: blk_mem_gen_v7_3 WARNING: collision detected: A write address: 00000000, B read address: 00000000

at 97710 ns(7), Instance /fft_ram_tb/uut/adc_ram_inst/U0/native_mem_module/mem_module/ : Warning: blk_mem_gen_v7_3 WARNING: collision detected: A write address: 00000000, B read address: 00000000

at 97715 ns(7), Instance /fft_ram_tb/uut/adc_ram_inst/U0/native_mem_module/mem_module/ : Warning: blk_mem_gen_v7_3 WARNING: collision detected: A write address: 00000000, B read address: 00000000

at 97720 ns(7), Instance /fft_ram_tb/uut/adc_ram_inst/U0/native_mem_module/mem_module/ : Warning: blk_mem_gen_v7_3 WARNING: collision detected: A write address: 00000000, B read address: 00000000

at 97725 ns(7), Instance /fft_ram_tb/uut/adc_ram_inst/U0/native_mem_module/mem_module/ : Warning: blk_mem_gen_v7_3 WARNING: collision detected: A write address: 00000000, B read address: 00000000

at 97730 ns(7), Instance /fft_ram_tb/uut/adc_ram_inst/U0/native_mem_module/mem_module/ : Warning: blk_mem_gen_v7_3 WARNING: collision detected: A write address: 00000000, B read address: 00000000

at 97735 ns(7), Instance /fft_ram_tb/uut/adc_ram_inst/U0/native_mem_module/mem_module/ : Warning: blk_mem_gen_v7_3 WARNING: collision detected: A write address: 00000000, B read address: 00000000

at 97740 ns(7), Instance /fft_ram_tb/uut/adc_ram_inst/U0/native_mem_module/mem_module/ : Warning: blk_mem_gen_v7_3 WARNING: collision detected: A write address: 00000000, B read address: 00000000

at 97745 ns(7), Instance /fft_ram_tb/uut/adc_ram_inst/U0/native_mem_module/mem_module/ : Warning: blk_mem_gen_v7_3 WARNING: collision detected: A write address: 00000000, B read address: 00000000

at 97750 ns(7), Instance /fft_ram_tb/uut/adc_ram_inst/U0/native_mem_module/mem_module/ : Warning: blk_mem_gen_v7_3 WARNING: collision detected: A write address: 00000000, B read address: 00000000

at 171610 ns(7), Instance /fft_ram_tb/uut/adc_ram_inst/U0/native_mem_module/mem_module/ : Warning: blk_mem_gen_v7_3 WARNING: collision detected: A write address: 00000000, B read address: 00000000

at 171615 ns(7), Instance /fft_ram_tb/uut/adc_ram_inst/U0/native_mem_module/mem_module/ : Warning: blk_mem_gen_v7_3 WARNING: collision detected: A write address: 00000000, B read address: 00000000

at 171620 ns(7), Instance /fft_ram_tb/uut/adc_ram_inst/U0/native_mem_module/mem_module/ : Warning: blk_mem_gen_v7_3 WARNING: collision detected: A write address: 00000000, B read address: 00000000

at 171625 ns(7), Instance /fft_ram_tb/uut/adc_ram_inst/U0/native_mem_module/mem_module/ : Warning: blk_mem_gen_v7_3 WARNING: collision detected: A write address: 00000000, B read address: 00000000

at 171630 ns(7), Instance /fft_ram_tb/uut/adc_ram_inst/U0/native_mem_module/mem_module/ : Warning: blk_mem_gen_v7_3 WARNING: collision detected: A write address: 00000000, B read address: 00000000

at 171635 ns(7), Instance /fft_ram_tb/uut/adc_ram_inst/U0/native_mem_module/mem_module/ : Warning: blk_mem_gen_v7_3 WARNING: collision detected: A write address: 00000000, B read address: 00000000

at 171640 ns(7), Instance /fft_ram_tb/uut/adc_ram_inst/U0/native_mem_module/mem_module/ : Warning: blk_mem_gen_v7_3 WARNING: collision detected: A write address: 00000000, B read address: 00000000

at 171645 ns(7), Instance /fft_ram_tb/uut/adc_ram_inst/U0/native_mem_module/mem_module/ : Warning: blk_mem_gen_v7_3 WARNING: collision detected: A write address: 00000000, B read address: 00000000

at 171650 ns(7), Instance /fft_ram_tb/uut/adc_ram_inst/U0/native_mem_module/mem_module/ : Warning: blk_mem_gen_v7_3 WARNING: collision detected: A write address: 00000000, B read address: 00000000

at 171655 ns(7), Instance /fft_ram_tb/uut/adc_ram_inst/U0/native_mem_module/mem_module/ : Warning: blk_mem_gen_v7_3 WARNING: collision detected: A write address: 00000000, B read address: 00000000

at 171660 ns(7), Instance /fft_ram_tb/uut/adc_ram_inst/U0/native_mem_module/mem_module/ : Warning: blk_mem_gen_v7_3 WARNING: collision detected: A write address: 00000000, B read address: 00000000

at 171665 ns(7), Instance /fft_ram_tb/uut/adc_ram_inst/U0/native_mem_module/mem_module/ : Warning: blk_mem_gen_v7_3 WARNING: collision detected: A write address: 00000000, B read address: 00000000

at 171670 ns(7), Instance /fft_ram_tb/uut/adc_ram_inst/U0/native_mem_module/mem_module/ : Warning: blk_mem_gen_v7_3 WARNING: collision detected: A write address: 00000000, B read address: 00000000

at 171675 ns(7), Instance /fft_ram_tb/uut/adc_ram_inst/U0/native_mem_module/mem_module/ : Warning: blk_mem_gen_v7_3 WARNING: collision detected: A write address: 00000000, B read address: 00000000

at 171680 ns(7), Instance /fft_ram_tb/uut/adc_ram_inst/U0/native_mem_module/mem_module/ : Warning: blk_mem_gen_v7_3 WARNING: collision detected: A write address: 00000000, B read address: 00000000

at 171685 ns(7), Instance /fft_ram_tb/uut/adc_ram_inst/U0/native_mem_module/mem_module/ : Warning: blk_mem_gen_v7_3 WARNING: collision detected: A write address: 00000000, B read address: 00000000

at 171690 ns(7), Instance /fft_ram_tb/uut/adc_ram_inst/U0/native_mem_module/mem_module/ : Warning: blk_mem_gen_v7_3 WARNING: collision detected: A write address: 00000000, B read address: 00000000

at 171695 ns(7), Instance /fft_ram_tb/uut/adc_ram_inst/U0/native_mem_module/mem_module/ : Warning: blk_mem_gen_v7_3 WARNING: collision detected: A write address: 00000000, B read address: 00000000

at 171700 ns(7), Instance /fft_ram_tb/uut/adc_ram_inst/U0/native_mem_module/mem_module/ : Warning: blk_mem_gen_v7_3 WARNING: collision detected: A write address: 00000000, B read address: 00000000

at 171705 ns(7), Instance /fft_ram_tb/uut/adc_ram_inst/U0/native_mem_module/mem_module/ : Warning: blk_mem_gen_v7_3 WARNING: collision detected: A write address: 00000000, B read address: 00000000

at 171710 ns(7), Instance /fft_ram_tb/uut/adc_ram_inst/U0/native_mem_module/mem_module/ : Warning: blk_mem_gen_v7_3 WARNING: collision detected: A write address: 00000000, B read address: 00000000

at 171715 ns(7), Instance /fft_ram_tb/uut/adc_ram_inst/U0/native_mem_module/mem_module/ : Warning: blk_mem_gen_v7_3 WARNING: collision detected: A write address: 00000000, B read address: 00000000

at 171720 ns(7), Instance /fft_ram_tb/uut/adc_ram_inst/U0/native_mem_module/mem_module/ : Warning: blk_mem_gen_v7_3 WARNING: collision detected: A write address: 00000000, B read address: 00000000

at 171725 ns(7), Instance /fft_ram_tb/uut/adc_ram_inst/U0/native_mem_module/mem_module/ : Warning: blk_mem_gen_v7_3 WARNING: collision detected: A write address: 00000000, B read address: 00000000

at 171730 ns(7), Instance /fft_ram_tb/uut/adc_ram_inst/U0/native_mem_module/mem_module/ : Warning: blk_mem_gen_v7_3 WARNING: collision detected: A write address: 00000000, B read address: 00000000

at 171735 ns(7), Instance /fft_ram_tb/uut/adc_ram_inst/U0/native_mem_module/mem_module/ : Warning: blk_mem_gen_v7_3 WARNING: collision detected: A write address: 00000000, B read address: 00000000

at 171740 ns(7), Instance /fft_ram_tb/uut/adc_ram_inst/U0/native_mem_module/mem_module/ : Warning: blk_mem_gen_v7_3 WARNING: collision detected: A write address: 00000000, B read address: 00000000

at 171745 ns(7), Instance /fft_ram_tb/uut/adc_ram_inst/U0/native_mem_module/mem_module/ : Warning: blk_mem_gen_v7_3 WARNING: collision detected: A write address: 00000000, B read address: 00000000

at 171750 ns(7), Instance /fft_ram_tb/uut/adc_ram_inst/U0/native_mem_module/mem_module/ : Warning: blk_mem_gen_v7_3 WARNING: collision detected: A write address: 00000000, B read address: 00000000

at 185420 ns(7), Instance /fft_ram_tb/uut/adc_ram_inst/U0/native_mem_module/mem_module/ : Warning: blk_mem_gen_v7_3 WARNING: collision detected: A write address: 00110111, B read address: 00110111

at 185425 ns(7), Instance /fft_ram_tb/uut/adc_ram_inst/U0/native_mem_module/mem_module/ : Warning: blk_mem_gen_v7_3 WARNING: collision detected: A write address: 00110111, B read address: 00110111

at 209980 ns(7), Instance /fft_ram_tb/uut/adc_ram_inst/U0/native_mem_module/mem_module/ : Warning: blk_mem_gen_v7_3 WARNING: collision detected: A write address: 10011001, B read address: 10011001

at 209985 ns(7), Instance /fft_ram_tb/uut/adc_ram_inst/U0/native_mem_module/mem_module/ : Warning: blk_mem_gen_v7_3 WARNING: collision detected: A write address: 10011001, B read address: 10011001

at 234550 ns(7), Instance /fft_ram_tb/uut/adc_ram_inst/U0/native_mem_module/mem_module/ : Warning: blk_mem_gen_v7_3 WARNING: collision detected: A write address: 11111100, B read address: 11111100

at 234555 ns(7), Instance /fft_ram_tb/uut/adc_ram_inst/U0/native_mem_module/mem_module/ : Warning: blk_mem_gen_v7_3 WARNING: collision detected: A write address: 11111100, B read address: 11111100

at 265930 ns(7), Instance /fft_ram_tb/uut/adc_ram_inst/U0/native_mem_module/mem_module/ : Warning: blk_mem_gen_v7_3 WARNING: collision detected: A write address: 00000000, B read address: 00000000

at 265935 ns(7), Instance /fft_ram_tb/uut/adc_ram_inst/U0/native_mem_module/mem_module/ : Warning: blk_mem_gen_v7_3 WARNING: collision detected: A write address: 00000000, B read address: 00000000

at 265940 ns(7), Instance /fft_ram_tb/uut/adc_ram_inst/U0/native_mem_module/mem_module/ : Warning: blk_mem_gen_v7_3 WARNING: collision detected: A write address: 00000000, B read address: 00000000

at 265945 ns(7), Instance /fft_ram_tb/uut/adc_ram_inst/U0/native_mem_module/mem_module/ : Warning: blk_mem_gen_v7_3 WARNING: collision detected: A write address: 00000000, B read address: 00000000

at 265950 ns(7), Instance /fft_ram_tb/uut/adc_ram_inst/U0/native_mem_module/mem_module/ : Warning: blk_mem_gen_v7_3 WARNING: collision detected: A write address: 00000000, B read address: 00000000

at 265955 ns(7), Instance /fft_ram_tb/uut/adc_ram_inst/U0/native_mem_module/mem_module/ : Warning: blk_mem_gen_v7_3 WARNING: collision detected: A write address: 00000000, B read address: 00000000

at 265960 ns(7), Instance /fft_ram_tb/uut/adc_ram_inst/U0/native_mem_module/mem_module/ : Warning: blk_mem_gen_v7_3 WARNING: collision detected: A write address: 00000000, B read address: 00000000

at 265965 ns(7), Instance /fft_ram_tb/uut/adc_ram_inst/U0/native_mem_module/mem_module/ : Warning: blk_mem_gen_v7_3 WARNING: collision detected: A write address: 00000000, B read address: 00000000

at 265970 ns(7), Instance /fft_ram_tb/uut/adc_ram_inst/U0/native_mem_module/mem_module/ : Warning: blk_mem_gen_v7_3 WARNING: collision detected: A write address: 00000000, B read address: 00000000

at 265975 ns(7), Instance /fft_ram_tb/uut/adc_ram_inst/U0/native_mem_module/mem_module/ : Warning: blk_mem_gen_v7_3 WARNING: collision detected: A write address: 00000000, B read address: 00000000

at 265980 ns(7), Instance /fft_ram_tb/uut/adc_ram_inst/U0/native_mem_module/mem_module/ : Warning: blk_mem_gen_v7_3 WARNING: collision detected: A write address: 00000000, B read address: 00000000

at 265985 ns(7), Instance /fft_ram_tb/uut/adc_ram_inst/U0/native_mem_module/mem_module/ : Warning: blk_mem_gen_v7_3 WARNING: collision detected: A write address: 00000000, B read address: 00000000

at 265990 ns(7), Instance /fft_ram_tb/uut/adc_ram_inst/U0/native_mem_module/mem_module/ : Warning: blk_mem_gen_v7_3 WARNING: collision detected: A write address: 00000000, B read address: 00000000

at 265995 ns(7), Instance /fft_ram_tb/uut/adc_ram_inst/U0/native_mem_module/mem_module/ : Warning: blk_mem_gen_v7_3 WARNING: collision detected: A write address: 00000000, B read address: 00000000

at 266 us(7), Instance /fft_ram_tb/uut/adc_ram_inst/U0/native_mem_module/mem_module/ : Warning: blk_mem_gen_v7_3 WARNING: collision detected: A write address: 00000000, B read address: 00000000

at 279740 ns(7), Instance /fft_ram_tb/uut/adc_ram_inst/U0/native_mem_module/mem_module/ : Warning: blk_mem_gen_v7_3 WARNING: collision detected: A write address: 00110111, B read address: 00110111

at 279745 ns(7), Instance /fft_ram_tb/uut/adc_ram_inst/U0/native_mem_module/mem_module/ : Warning: blk_mem_gen_v7_3 WARNING: collision detected: A write address: 00110111, B read address: 00110111

at 279755 ns(7), Instance /fft_ram_tb/uut/adc_ram_inst/U0/native_mem_module/mem_module/ : Warning: blk_mem_gen_v7_3 WARNING: collision detected: A write address: 00111000, B read address: 00111000

# exit 0
