Release 14.7 - ngc2edif P.20131013 (lin64)
Copyright (c) 1995-2013 Xilinx, Inc.  All rights reserved.
Reading design fft_with_ram.ngc ...
WARNING:NetListWriters:298 - No output is written to fft_with_ram.xncf, ignored.
Processing design ...
   Preping design's networks ...
   Preping design's macros ...
WARNING:NetListWriters:306 - Signal bus
   vga_instance/GND_24_o_GND_24_o_sub_13_OUT[9 : 3] on block fft_with_ram is not
   reconstructed, because there are some missing bus signals.
  finished :Prep
Writing EDIF netlist file fft_with_ram.edif ...
ngc2edif: Total memory usage is 103676 kilobytes

Release 14.7 - ngc2edif P.20131013 (lin64)
Copyright (c) 1995-2013 Xilinx, Inc.  All rights reserved.
Reading design fft_ram_simple.ngc ...
WARNING:NetListWriters:298 - No output is written to fft_ram_simple.xncf,
   ignored.
Processing design ...
   Preping design's networks ...
   Preping design's macros ...
  finished :Prep
Writing EDIF netlist file fft_ram_simple.edif ...
ngc2edif: Total memory usage is 102944 kilobytes

Release 14.7 - ngc2edif P.20131013 (lin64)
Copyright (c) 1995-2013 Xilinx, Inc.  All rights reserved.
Reading design fft_core.ngc ...
WARNING:NetListWriters:298 - No output is written to fft_core.xncf, ignored.
Processing design ...
   Preping design's networks ...
   Preping design's macros ...
  finished :Prep
Writing EDIF netlist file fft_core.edif ...
ngc2edif: Total memory usage is 106036 kilobytes

Release 14.7 - ngc2edif P.20131013 (lin64)
Copyright (c) 1995-2013 Xilinx, Inc.  All rights reserved.
Reading design sqrt.ngc ...
WARNING:NetListWriters:298 - No output is written to sqrt.xncf, ignored.
Processing design ...
   Preping design's networks ...
   Preping design's macros ...
  finished :Prep
Writing EDIF netlist file sqrt.edif ...
ngc2edif: Total memory usage is 103712 kilobytes

Release 14.7 - ngc2edif P.20131013 (lin64)
Copyright (c) 1995-2013 Xilinx, Inc.  All rights reserved.
Reading design adc_ram.ngc ...
WARNING:NetListWriters:298 - No output is written to adc_ram.xncf, ignored.
Processing design ...
   Preping design's networks ...
   Preping design's macros ...
  finished :Prep
Writing EDIF netlist file adc_ram.edif ...
ngc2edif: Total memory usage is 102916 kilobytes

Release 14.7 - ngc2edif P.20131013 (lin64)
Copyright (c) 1995-2013 Xilinx, Inc.  All rights reserved.
Reading design vga_ram.ngc ...
WARNING:NetListWriters:298 - No output is written to vga_ram.xncf, ignored.
Processing design ...
   Preping design's networks ...
   Preping design's macros ...
  finished :Prep
Writing EDIF netlist file vga_ram.edif ...
ngc2edif: Total memory usage is 102920 kilobytes

Release 14.7 - ngc2edif P.20131013 (lin64)
Copyright (c) 1995-2013 Xilinx, Inc.  All rights reserved.
Reading design multiplier.ngc ...
WARNING:NetListWriters:298 - No output is written to multiplier.xncf, ignored.
Processing design ...
   Preping design's networks ...
   Preping design's macros ...
  finished :Prep
Writing EDIF netlist file multiplier.edif ...
ngc2edif: Total memory usage is 103348 kilobytes

Release 14.7 - ngc2edif P.20131013 (lin64)
Copyright (c) 1995-2013 Xilinx, Inc.  All rights reserved.
Reading design adc_ram.ngc ...
WARNING:NetListWriters:298 - No output is written to adc_ram.xncf, ignored.
Processing design ...
   Preping design's networks ...
   Preping design's macros ...
  finished :Prep
Writing EDIF netlist file adc_ram.edif ...
ngc2edif: Total memory usage is 102888 kilobytes

Release 14.7 - ngc2edif P.20131013 (lin64)
Copyright (c) 1995-2013 Xilinx, Inc.  All rights reserved.
Reading design fft_core.ngc ...
WARNING:NetListWriters:298 - No output is written to fft_core.xncf, ignored.
Processing design ...
   Preping design's networks ...
   Preping design's macros ...
  finished :Prep
Writing EDIF netlist file fft_core.edif ...
ngc2edif: Total memory usage is 106036 kilobytes

Release 14.7 - ngc2edif P.20131013 (lin64)
Copyright (c) 1995-2013 Xilinx, Inc.  All rights reserved.
Reading design fft_ram_simple.ngc ...
WARNING:NetListWriters:298 - No output is written to fft_ram_simple.xncf,
   ignored.
Processing design ...
   Preping design's networks ...
   Preping design's macros ...
  finished :Prep
Writing EDIF netlist file fft_ram_simple.edif ...
ngc2edif: Total memory usage is 102940 kilobytes

Release 14.7 - ngc2edif P.20131013 (lin64)
Copyright (c) 1995-2013 Xilinx, Inc.  All rights reserved.
Reading design multiplier.ngc ...
WARNING:NetListWriters:298 - No output is written to multiplier.xncf, ignored.
Processing design ...
   Preping design's networks ...
   Preping design's macros ...
  finished :Prep
Writing EDIF netlist file multiplier.edif ...
ngc2edif: Total memory usage is 103340 kilobytes

Release 14.7 - ngc2edif P.20131013 (lin64)
Copyright (c) 1995-2013 Xilinx, Inc.  All rights reserved.
Reading design sqrt.ngc ...
WARNING:NetListWriters:298 - No output is written to sqrt.xncf, ignored.
Processing design ...
   Preping design's networks ...
   Preping design's macros ...
  finished :Prep
Writing EDIF netlist file sqrt.edif ...
ngc2edif: Total memory usage is 103712 kilobytes

Release 14.7 - ngc2edif P.20131013 (lin64)
Copyright (c) 1995-2013 Xilinx, Inc.  All rights reserved.
Reading design vga_ram.ngc ...
WARNING:NetListWriters:298 - No output is written to vga_ram.xncf, ignored.
Processing design ...
   Preping design's networks ...
   Preping design's macros ...
  finished :Prep
Writing EDIF netlist file vga_ram.edif ...
ngc2edif: Total memory usage is 102924 kilobytes

