#-----------------------------------------------------------
# PlanAhead v14.7 (64-bit)
# Build 321239 by xbuild on Fri Sep 27 19:24:36 MDT 2013
# Start of session at: Thu Jan 23 20:23:33 2014
# Process ID: 48932
# Log file: /root/FPGA-MISC/virtex/planAhead_run_1/planAhead.log
# Journal file: /root/FPGA-MISC/virtex/planAhead_run_1/planAhead.jou
#-----------------------------------------------------------
INFO: [Common 17-78] Attempting to get a license: PlanAhead
WARNING: [Common 17-301] Failed to get a license: PlanAhead
INFO: [Device 21-36] Loading parts and site information from /opt/Xilinx/14.7/ISE_DS/PlanAhead/data/parts/arch.xml
Parsing RTL primitives file [/opt/Xilinx/14.7/ISE_DS/PlanAhead/data/parts/xilinx/rtl/prims/rtl_prims.xml]
Finished parsing RTL primitives file [/opt/Xilinx/14.7/ISE_DS/PlanAhead/data/parts/xilinx/rtl/prims/rtl_prims.xml]
start_gui
INFO: [Common 17-78] Attempting to get a license: PlanAhead
WARNING: [Common 17-301] Failed to get a license: PlanAhead
source /root/FPGA-MISC/virtex/pa.fromHdl.tcl
# create_project -name virtex -dir "/root/FPGA-MISC/virtex/planAhead_run_1" -part xc4vsx55ff1148-12
# set_param project.pinAheadLayout yes
# set srcset [get_property srcset [current_run -impl]]
# set_property target_constrs_file "test.ucf" [current_fileset -constrset]
Adding file '/root/FPGA-MISC/virtex/test.ucf' to fileset 'constrs_1'
# set hdlfile [add_files [list {test.vhd}]]
# set_property file_type VHDL $hdlfile
# set_property library work $hdlfile
# set_property top test $srcset
# add_files [list {test.ucf}] -fileset [get_property constrset [current_run]]
# open_rtl_design -part xc4vsx55ff1148-12
Using Verific elaboration
Parsing VHDL file "/opt/Xilinx/14.7/ISE_DS/PlanAhead/data/parts/xilinx/rtl/lib/synplify/synattr.vhd" into library synplify
Parsing VHDL file "/opt/Xilinx/14.7/ISE_DS/PlanAhead/data/parts/xilinx/rtl/lib/synplify/synattr.vhd" into library synplify
Parsing VHDL file "/root/FPGA-MISC/virtex/test.vhd" into library work
INFO: [Designutils 20-910] Reading macro library /opt/Xilinx/14.7/ISE_DS/PlanAhead/data/./parts/xilinx/virtex4/hd_int_macros.edn
Parsing EDIF File [/opt/Xilinx/14.7/ISE_DS/PlanAhead/data/./parts/xilinx/virtex4/hd_int_macros.edn]
Finished Parsing EDIF File [/opt/Xilinx/14.7/ISE_DS/PlanAhead/data/./parts/xilinx/virtex4/hd_int_macros.edn]
INFO: [Device 21-21] Reading bus macro file /opt/Xilinx/14.7/ISE_DS/PlanAhead/data/./parts/xilinx/virtex4/pr_bus_macros.xml
Loading clock regions from /opt/Xilinx/14.7/ISE_DS/PlanAhead/data/parts/xilinx/virtex4/virtex4sx/xc4vsx55/ClockRegion.xml
Loading clock buffers from /opt/Xilinx/14.7/ISE_DS/PlanAhead/data/parts/xilinx/virtex4/virtex4sx/xc4vsx55/ClockBuffers.xml
Loading package from /opt/Xilinx/14.7/ISE_DS/PlanAhead/data/parts/xilinx/virtex4/virtex4sx/xc4vsx55/ff1148/Package.xml
Loading io standards from /opt/Xilinx/14.7/ISE_DS/PlanAhead/data/./parts/xilinx/virtex4/IOStandards.xml
INFO: [Device 21-19] Loading pkg sso from /opt/Xilinx/14.7/ISE_DS/PlanAhead/data/parts/xilinx/virtex4/virtex4sx/xc4vsx55/ff1148/SSORules.xml
Loading list of drcs for the architecture : /opt/Xilinx/14.7/ISE_DS/PlanAhead/data/./parts/xilinx/virtex4/drc.xml
INFO: [Timing 38-77] Reading timing library /opt/Xilinx/14.7/ISE_DS/PlanAhead/data/parts/xilinx/virtex4/virtex4sx/virtex4sx-12.lib.
INFO: [Timing 38-34] Done reading timing library /opt/Xilinx/14.7/ISE_DS/PlanAhead/data/parts/xilinx/virtex4/virtex4sx/virtex4sx-12.lib.
Parsing UCF File [/root/FPGA-MISC/virtex/test.ucf]
Finished Parsing UCF File [/root/FPGA-MISC/virtex/test.ucf]
INFO: [Project 1-111] Unisim Transformation Summary:
No Unisim elements were transformed.

Phase 0 | Netlist Checksum: cd577a80
open_rtl_design: Time (s): cpu = 00:00:15 ; elapsed = 00:00:11 . Memory (MB): peak = 2839.164 ; gain = 178.254
update_compile_order -fileset sim_1
INFO: [Common 17-78] Attempting to get a license: PlanAhead
WARNING: [Common 17-301] Failed to get a license: PlanAhead
INFO: [Common 17-78] Attempting to get a license: PlanAhead
WARNING: [Common 17-301] Failed to get a license: PlanAhead
INFO: [Common 17-78] Attempting to get a license: PlanAhead
INFO: [Common 17-290] Got license for PlanAhead
INFO: [Common 17-86] Your PlanAhead license expires in 0 day(s)
exit
ERROR: [#UNDEF] *** Exception: ui.h.b: Found deleted key in HTclEventBroker. Verify if the classes listed here call cleanup()
HTclEvent: SIGNAL_MODIFY   Classes: ui.views.aR 
HTclEvent: DEBUG_CORE_CONFIG_CHANGE   Classes: ui.views.aR 
HTclEvent: SIGNAL_BUS_MODIFY   Classes: ui.views.aR 
HTclEvent: DEBUG_PORT_CONFIG_CHANGE   Classes: ui.views.aR 
 (See /root/FPGA-MISC/virtex/planAhead_pid48932.debug)
ERROR: [Common 17-39] 'stop_gui' failed due to earlier errors.
INFO: [Common 17-206] Exiting PlanAhead at Mon Dec 16 20:29:57 2013...
INFO: [Common 17-83] Releasing license: PlanAhead
