Release 14.7 - xst P.20131013 (lin64)
Copyright (c) 1995-2013 Xilinx, Inc.  All rights reserved.
--> 
Parameter TMPDIR set to xst/projnav.tmp


Total REAL time to Xst completion: 1.00 secs
Total CPU time to Xst completion: 0.06 secs
 
--> 
Parameter xsthdpdir set to xst


Total REAL time to Xst completion: 1.00 secs
Total CPU time to Xst completion: 0.06 secs
 
--> 
Reading design: master_minimal.prj

TABLE OF CONTENTS
  1) Synthesis Options Summary
  2) HDL Parsing
  3) HDL Elaboration
  4) HDL Synthesis
       4.1) HDL Synthesis Report
  5) Advanced HDL Synthesis
       5.1) Advanced HDL Synthesis Report
  6) Low Level Synthesis
  7) Partition Report
  8) Design Summary
       8.1) Primitive and Black Box Usage
       8.2) Device utilization summary
       8.3) Partition Resource Summary
       8.4) Timing Report
            8.4.1) Clock Information
            8.4.2) Asynchronous Control Signals Information
            8.4.3) Timing Summary
            8.4.4) Timing Details
            8.4.5) Cross Clock Domains Report


=========================================================================
*                      Synthesis Options Summary                        *
=========================================================================
---- Source Parameters
Input File Name                    : "master_minimal.prj"
Ignore Synthesis Constraint File   : NO

---- Target Parameters
Output File Name                   : "master_minimal"
Output Format                      : NGC
Target Device                      : xc6slx16-3-csg324

---- Source Options
Top Module Name                    : master_minimal
Automatic FSM Extraction           : YES
FSM Encoding Algorithm             : Auto
Safe Implementation                : No
FSM Style                          : LUT
RAM Extraction                     : Yes
RAM Style                          : Auto
ROM Extraction                     : Yes
Shift Register Extraction          : YES
ROM Style                          : Auto
Resource Sharing                   : YES
Asynchronous To Synchronous        : NO
Shift Register Minimum Size        : 2
Use DSP Block                      : Auto
Automatic Register Balancing       : No

---- Target Options
LUT Combining                      : Auto
Reduce Control Sets                : Auto
Add IO Buffers                     : YES
Global Maximum Fanout              : 100000
Add Generic Clock Buffer(BUFG)     : 16
Register Duplication               : YES
Optimize Instantiated Primitives   : NO
Use Clock Enable                   : Auto
Use Synchronous Set                : Auto
Use Synchronous Reset              : Auto
Pack IO Registers into IOBs        : Auto
Equivalent register Removal        : YES

---- General Options
Optimization Goal                  : Speed
Optimization Effort                : 1
Power Reduction                    : NO
Keep Hierarchy                     : Yes
Netlist Hierarchy                  : As_Optimized
RTL Output                         : Yes
Global Optimization                : AllClockNets
Read Cores                         : YES
Write Timing Constraints           : NO
Cross Clock Analysis               : NO
Hierarchy Separator                : /
Bus Delimiter                      : <>
Case Specifier                     : Maintain
Slice Utilization Ratio            : 100
BRAM Utilization Ratio             : 100
DSP48 Utilization Ratio            : 100
Auto BRAM Packing                  : NO
Slice Utilization Ratio Delta      : 5

=========================================================================


=========================================================================
*                          HDL Parsing                                  *
=========================================================================
Parsing VHDL file "/root/FPGA-MISC/SPI/master_minimal.vhd" into library work
Parsing entity <master_minimal>.
Parsing architecture <Behavioral> of entity <master_minimal>.

=========================================================================
*                            HDL Elaboration                            *
=========================================================================

Elaborating entity <master_minimal> (architecture <Behavioral>) with generics from library <work>.
WARNING:HDLCompiler:92 - "/root/FPGA-MISC/SPI/master_minimal.vhd" Line 42: base_state should be on the sensitivity list of the process
WARNING:HDLCompiler:92 - "/root/FPGA-MISC/SPI/master_minimal.vhd" Line 43: we should be on the sensitivity list of the process
WARNING:HDLCompiler:92 - "/root/FPGA-MISC/SPI/master_minimal.vhd" Line 44: data_in should be on the sensitivity list of the process

=========================================================================
*                           HDL Synthesis                               *
=========================================================================

Synthesizing Unit <master_minimal>.
    Related source file is "/root/FPGA-MISC/SPI/master_minimal.vhd".
        data_width = 8
    Found 8-bit register for signal <data_out>.
    Found 2-bit register for signal <sck_state>.
    Found 1-bit register for signal <done>.
    Found 1-bit register for signal <sck>.
    Found 1-bit register for signal <mosi>.
    Found 3-bit register for signal <data_pos>.
    Found 1-bit register for signal <base_state>.
    Found finite state machine <FSM_0> for signal <sck_state>.
    -----------------------------------------------------------------------
    | States             | 3                                              |
    | Transitions        | 10                                             |
    | Inputs             | 3                                              |
    | Outputs            | 3                                              |
    | Clock              | clk (rising_edge)                              |
    | Reset              | rst (positive)                                 |
    | Reset type         | asynchronous                                   |
    | Reset State        | sck_set_low                                    |
    | Power Up State     | sck_set_low                                    |
    | Encoding           | auto                                           |
    | Implementation     | LUT                                            |
    -----------------------------------------------------------------------
    Found 3-bit subtractor for signal <GND_3_o_GND_3_o_sub_5_OUT<2:0>> created at line 75.
    Found 1-bit 8-to-1 multiplexer for signal <data_pos[2]_data_in_buffer[7]_Mux_0_o> created at line 67.
WARNING:Xst:737 - Found 1-bit latch for signal <we_buffer>. Latches may be generated from incomplete case or if statements. We do not recommend the use of latches in FPGA/CPLD designs, as they may lead to timing problems.
WARNING:Xst:737 - Found 1-bit latch for signal <data_in_buffer<7>>. Latches may be generated from incomplete case or if statements. We do not recommend the use of latches in FPGA/CPLD designs, as they may lead to timing problems.
WARNING:Xst:737 - Found 1-bit latch for signal <data_in_buffer<6>>. Latches may be generated from incomplete case or if statements. We do not recommend the use of latches in FPGA/CPLD designs, as they may lead to timing problems.
WARNING:Xst:737 - Found 1-bit latch for signal <data_in_buffer<5>>. Latches may be generated from incomplete case or if statements. We do not recommend the use of latches in FPGA/CPLD designs, as they may lead to timing problems.
WARNING:Xst:737 - Found 1-bit latch for signal <data_in_buffer<4>>. Latches may be generated from incomplete case or if statements. We do not recommend the use of latches in FPGA/CPLD designs, as they may lead to timing problems.
WARNING:Xst:737 - Found 1-bit latch for signal <data_in_buffer<3>>. Latches may be generated from incomplete case or if statements. We do not recommend the use of latches in FPGA/CPLD designs, as they may lead to timing problems.
WARNING:Xst:737 - Found 1-bit latch for signal <data_in_buffer<2>>. Latches may be generated from incomplete case or if statements. We do not recommend the use of latches in FPGA/CPLD designs, as they may lead to timing problems.
WARNING:Xst:737 - Found 1-bit latch for signal <data_in_buffer<1>>. Latches may be generated from incomplete case or if statements. We do not recommend the use of latches in FPGA/CPLD designs, as they may lead to timing problems.
WARNING:Xst:737 - Found 1-bit latch for signal <data_in_buffer<0>>. Latches may be generated from incomplete case or if statements. We do not recommend the use of latches in FPGA/CPLD designs, as they may lead to timing problems.
    Summary:
	inferred   1 Adder/Subtractor(s).
	inferred  15 D-type flip-flop(s).
	inferred   9 Latch(s).
	inferred  11 Multiplexer(s).
	inferred   1 Finite State Machine(s).
Unit <master_minimal> synthesized.

=========================================================================
HDL Synthesis Report

Macro Statistics
# Adders/Subtractors                                   : 1
 3-bit subtractor                                      : 1
# Registers                                            : 6
 1-bit register                                        : 4
 3-bit register                                        : 1
 8-bit register                                        : 1
# Latches                                              : 9
 1-bit latch                                           : 9
# Multiplexers                                         : 11
 1-bit 2-to-1 multiplexer                              : 9
 1-bit 8-to-1 multiplexer                              : 1
 3-bit 2-to-1 multiplexer                              : 1
# FSMs                                                 : 1

=========================================================================

=========================================================================
*                       Advanced HDL Synthesis                          *
=========================================================================

WARNING:Xst:1710 - FF/Latch <done> (without init value) has a constant value of 1 in block <master_minimal>. This FF/Latch will be trimmed during the optimization process.
WARNING:Xst:1896 - Due to other FF/Latch trimming, FF/Latch <base_state> has a constant value of 0 in block <master_minimal>. This FF/Latch will be trimmed during the optimization process.
WARNING:Xst:1896 - Due to other FF/Latch trimming, FF/Latch <we_buffer> has a constant value of 0 in block <master_minimal>. This FF/Latch will be trimmed during the optimization process.
WARNING:Xst:1896 - Due to other FF/Latch trimming, FF/Latch <data_in_buffer_7> has a constant value of 0 in block <master_minimal>. This FF/Latch will be trimmed during the optimization process.
WARNING:Xst:1896 - Due to other FF/Latch trimming, FF/Latch <data_in_buffer_6> has a constant value of 0 in block <master_minimal>. This FF/Latch will be trimmed during the optimization process.
WARNING:Xst:1896 - Due to other FF/Latch trimming, FF/Latch <data_in_buffer_5> has a constant value of 0 in block <master_minimal>. This FF/Latch will be trimmed during the optimization process.
WARNING:Xst:1896 - Due to other FF/Latch trimming, FF/Latch <data_in_buffer_2> has a constant value of 0 in block <master_minimal>. This FF/Latch will be trimmed during the optimization process.
WARNING:Xst:1896 - Due to other FF/Latch trimming, FF/Latch <data_in_buffer_4> has a constant value of 0 in block <master_minimal>. This FF/Latch will be trimmed during the optimization process.
WARNING:Xst:1896 - Due to other FF/Latch trimming, FF/Latch <data_in_buffer_3> has a constant value of 0 in block <master_minimal>. This FF/Latch will be trimmed during the optimization process.
WARNING:Xst:1896 - Due to other FF/Latch trimming, FF/Latch <data_in_buffer_1> has a constant value of 0 in block <master_minimal>. This FF/Latch will be trimmed during the optimization process.
WARNING:Xst:1896 - Due to other FF/Latch trimming, FF/Latch <data_in_buffer_0> has a constant value of 0 in block <master_minimal>. This FF/Latch will be trimmed during the optimization process.
WARNING:Xst:1710 - FF/Latch <data_out_0> (without init value) has a constant value of 0 in block <master_minimal>. This FF/Latch will be trimmed during the optimization process.
WARNING:Xst:1895 - Due to other FF/Latch trimming, FF/Latch <data_out_1> (without init value) has a constant value of 0 in block <master_minimal>. This FF/Latch will be trimmed during the optimization process.
WARNING:Xst:1895 - Due to other FF/Latch trimming, FF/Latch <data_out_2> (without init value) has a constant value of 0 in block <master_minimal>. This FF/Latch will be trimmed during the optimization process.
WARNING:Xst:1895 - Due to other FF/Latch trimming, FF/Latch <data_out_3> (without init value) has a constant value of 0 in block <master_minimal>. This FF/Latch will be trimmed during the optimization process.
WARNING:Xst:1895 - Due to other FF/Latch trimming, FF/Latch <data_out_4> (without init value) has a constant value of 0 in block <master_minimal>. This FF/Latch will be trimmed during the optimization process.
WARNING:Xst:1895 - Due to other FF/Latch trimming, FF/Latch <data_out_5> (without init value) has a constant value of 0 in block <master_minimal>. This FF/Latch will be trimmed during the optimization process.
WARNING:Xst:1895 - Due to other FF/Latch trimming, FF/Latch <data_out_6> (without init value) has a constant value of 0 in block <master_minimal>. This FF/Latch will be trimmed during the optimization process.
WARNING:Xst:1895 - Due to other FF/Latch trimming, FF/Latch <data_out_7> (without init value) has a constant value of 0 in block <master_minimal>. This FF/Latch will be trimmed during the optimization process.

Synthesizing (advanced) Unit <master_minimal>.
The following registers are absorbed into counter <data_pos>: 1 register on signal <data_pos>.
Unit <master_minimal> synthesized (advanced).

=========================================================================
Advanced HDL Synthesis Report

Macro Statistics
# Counters                                             : 1
 3-bit down counter                                    : 1
# Registers                                            : 12
 Flip-Flops                                            : 12
# Multiplexers                                         : 10
 1-bit 2-to-1 multiplexer                              : 9
 1-bit 8-to-1 multiplexer                              : 1
# FSMs                                                 : 1

=========================================================================

=========================================================================
*                         Low Level Synthesis                           *
=========================================================================
WARNING:Xst:1710 - FF/Latch <done> (without init value) has a constant value of 1 in block <master_minimal>. This FF/Latch will be trimmed during the optimization process.
WARNING:Xst:1896 - Due to other FF/Latch trimming, FF/Latch <we_buffer> has a constant value of 0 in block <master_minimal>. This FF/Latch will be trimmed during the optimization process.
WARNING:Xst:1896 - Due to other FF/Latch trimming, FF/Latch <base_state> has a constant value of 0 in block <master_minimal>. This FF/Latch will be trimmed during the optimization process.
WARNING:Xst:1896 - Due to other FF/Latch trimming, FF/Latch <data_in_buffer_5> has a constant value of 0 in block <master_minimal>. This FF/Latch will be trimmed during the optimization process.
WARNING:Xst:1896 - Due to other FF/Latch trimming, FF/Latch <data_in_buffer_7> has a constant value of 0 in block <master_minimal>. This FF/Latch will be trimmed during the optimization process.
WARNING:Xst:1896 - Due to other FF/Latch trimming, FF/Latch <data_in_buffer_6> has a constant value of 0 in block <master_minimal>. This FF/Latch will be trimmed during the optimization process.
WARNING:Xst:1896 - Due to other FF/Latch trimming, FF/Latch <data_in_buffer_2> has a constant value of 0 in block <master_minimal>. This FF/Latch will be trimmed during the optimization process.
WARNING:Xst:1896 - Due to other FF/Latch trimming, FF/Latch <data_in_buffer_4> has a constant value of 0 in block <master_minimal>. This FF/Latch will be trimmed during the optimization process.
WARNING:Xst:1896 - Due to other FF/Latch trimming, FF/Latch <data_in_buffer_3> has a constant value of 0 in block <master_minimal>. This FF/Latch will be trimmed during the optimization process.
WARNING:Xst:1896 - Due to other FF/Latch trimming, FF/Latch <data_in_buffer_1> has a constant value of 0 in block <master_minimal>. This FF/Latch will be trimmed during the optimization process.
WARNING:Xst:1896 - Due to other FF/Latch trimming, FF/Latch <data_in_buffer_0> has a constant value of 0 in block <master_minimal>. This FF/Latch will be trimmed during the optimization process.
WARNING:Xst:1710 - FF/Latch <data_out_0> (without init value) has a constant value of 0 in block <master_minimal>. This FF/Latch will be trimmed during the optimization process.
WARNING:Xst:1895 - Due to other FF/Latch trimming, FF/Latch <data_out_1> (without init value) has a constant value of 0 in block <master_minimal>. This FF/Latch will be trimmed during the optimization process.
WARNING:Xst:1895 - Due to other FF/Latch trimming, FF/Latch <data_out_2> (without init value) has a constant value of 0 in block <master_minimal>. This FF/Latch will be trimmed during the optimization process.
WARNING:Xst:1895 - Due to other FF/Latch trimming, FF/Latch <data_out_3> (without init value) has a constant value of 0 in block <master_minimal>. This FF/Latch will be trimmed during the optimization process.
WARNING:Xst:1895 - Due to other FF/Latch trimming, FF/Latch <data_out_4> (without init value) has a constant value of 0 in block <master_minimal>. This FF/Latch will be trimmed during the optimization process.
WARNING:Xst:1895 - Due to other FF/Latch trimming, FF/Latch <data_out_5> (without init value) has a constant value of 0 in block <master_minimal>. This FF/Latch will be trimmed during the optimization process.
WARNING:Xst:1895 - Due to other FF/Latch trimming, FF/Latch <data_out_6> (without init value) has a constant value of 0 in block <master_minimal>. This FF/Latch will be trimmed during the optimization process.
WARNING:Xst:1895 - Due to other FF/Latch trimming, FF/Latch <data_out_7> (without init value) has a constant value of 0 in block <master_minimal>. This FF/Latch will be trimmed during the optimization process.
Analyzing FSM <MFsm> for best encoding.
Optimizing FSM <FSM_0> on signal <sck_state[1:2]> with user encoding.
--------------------------
 State        | Encoding
--------------------------
 sck_idle     | 00
 sck_set_high | 01
 sck_set_low  | 10
--------------------------
WARNING:Xst:1710 - FF/Latch <mosi> (without init value) has a constant value of 0 in block <master_minimal>. This FF/Latch will be trimmed during the optimization process.
WARNING:Xst:1896 - Due to other FF/Latch trimming, FF/Latch <sck_state_FSM_FFd2> has a constant value of 0 in block <master_minimal>. This FF/Latch will be trimmed during the optimization process.
WARNING:Xst:2677 - Node <data_pos_0> of sequential type is unconnected in block <master_minimal>.
WARNING:Xst:2677 - Node <data_pos_1> of sequential type is unconnected in block <master_minimal>.
WARNING:Xst:2677 - Node <data_pos_2> of sequential type is unconnected in block <master_minimal>.

Optimizing unit <master_minimal> ...
WARNING:Xst:1710 - FF/Latch <sck> (without init value) has a constant value of 0 in block <master_minimal>. This FF/Latch will be trimmed during the optimization process.
WARNING:Xst:1898 - Due to constant pushing, FF/Latch <sck_state_FSM_FFd1> is unconnected in block <master_minimal>.

Mapping all equations...
Building and optimizing final netlist ...
Found area constraint ratio of 100 (+ 5) on block master_minimal, actual ratio is 0.

Final Macro Processing ...

=========================================================================
Final Register Report

Found no macro
=========================================================================

=========================================================================
*                           Partition Report                            *
=========================================================================

Partition Implementation Status
-------------------------------

  No Partitions were found in this design.

-------------------------------

=========================================================================
*                            Design Summary                             *
=========================================================================

Top Level Output File Name         : master_minimal.ngc

Primitive and Black Box Usage:
------------------------------
# BELS                             : 2
#      GND                         : 1
#      VCC                         : 1
# IO Buffers                       : 12
#      OBUF                        : 12

Device utilization summary:
---------------------------

Selected Device : 6slx16csg324-3 


Slice Logic Utilization: 

Slice Logic Distribution: 
 Number of LUT Flip Flop pairs used:      0
   Number with an unused Flip Flop:       0  out of      0         
   Number with an unused LUT:             0  out of      0         
   Number of fully used LUT-FF pairs:     0  out of      0         
   Number of unique control sets:         0

IO Utilization: 
 Number of IOs:                          25
 Number of bonded IOBs:                  12  out of    232     5%  

Specific Feature Utilization:

---------------------------
Partition Resource Summary:
---------------------------

  No Partitions were found in this design.

---------------------------


=========================================================================
Timing Report

NOTE: THESE TIMING NUMBERS ARE ONLY A SYNTHESIS ESTIMATE.
      FOR ACCURATE TIMING INFORMATION PLEASE REFER TO THE TRACE REPORT
      GENERATED AFTER PLACE-and-ROUTE.

Clock Information:
------------------
No clock signals found in this design

Asynchronous Control Signals Information:
----------------------------------------
No asynchronous control signals found in this design

Timing Summary:
---------------
Speed Grade: -3

   Minimum period: No path found
   Minimum input arrival time before clock: No path found
   Maximum output required time after clock: No path found
   Maximum combinational path delay: No path found

Timing Details:
---------------
All values displayed in nanoseconds (ns)

=========================================================================

Cross Clock Domains Report:
--------------------------

=========================================================================


Total REAL time to Xst completion: 8.00 secs
Total CPU time to Xst completion: 7.15 secs
 
--> 


Total memory usage is 383704 kilobytes

Number of errors   :    0 (   0 filtered)
Number of warnings :   57 (   0 filtered)
Number of infos    :    0 (   0 filtered)

